#! /usr/bin/vvp
:ivl_version "11.0 (stable)";
:ivl_delay_selection "TYPICAL";
:vpi_time_precision - 12;
:vpi_module "/usr/lib/x86_64-linux-gnu/ivl/system.vpi";
:vpi_module "/usr/lib/x86_64-linux-gnu/ivl/vhdl_sys.vpi";
:vpi_module "/usr/lib/x86_64-linux-gnu/ivl/vhdl_textio.vpi";
:vpi_module "/usr/lib/x86_64-linux-gnu/ivl/v2005_math.vpi";
:vpi_module "/usr/lib/x86_64-linux-gnu/ivl/va_math.vpi";
S_0x56261bb0e3b0 .scope module, "proc_wrapper" "proc_wrapper" 2 15;
 .timescale -9 -12;
v0x56261bbfc220_0 .var "PC", 63 0;
v0x56261bbfc300_0 .var "clk", 0 0;
o0x7fa22b70dff8 .functor BUFZ 1, C4<z>; HiZ drive
v0x56261bbfc3a0_0 .net "cnd_e", 0 0, o0x7fa22b70dff8;  0 drivers
v0x56261bbfc4a0_0 .net "cnd_m", 0 0, v0x56261bbf69e0_0;  1 drivers
o0x7fa22b70e5f8 .functor BUFZ 1, C4<z>; HiZ drive
v0x56261bbfc570_0 .net "cnd_w", 0 0, o0x7fa22b70e5f8;  0 drivers
v0x56261bbfc660_0 .net "cond_e", 0 0, v0x56261bbf34f0_0;  1 drivers
o0x7fa22b70e808 .functor BUFZ 1, C4<z>; HiZ drive
v0x56261bbfc730_0 .net "cond_w", 0 0, o0x7fa22b70e808;  0 drivers
v0x56261bbfc800_0 .net "dmem_error", 0 0, v0x56261bbf5ba0_0;  1 drivers
v0x56261bbfc8d0_0 .net "hlt", 0 0, v0x56261bbf4460_0;  1 drivers
v0x56261bbfc9a0_0 .net "icode_d", 3 0, v0x56261bbf0a50_0;  1 drivers
v0x56261bbfca40_0 .net "icode_e", 3 0, v0x56261bbf1c70_0;  1 drivers
v0x56261bbfcae0_0 .net "icode_f", 3 0, v0x56261bbf4520_0;  1 drivers
v0x56261bbfcb80_0 .net "icode_m", 3 0, v0x56261bbf6b90_0;  1 drivers
v0x56261bbfcc20_0 .net "icode_w", 3 0, v0x56261bbfacc0_0;  1 drivers
v0x56261bbfccc0_0 .net "ifun_d", 3 0, v0x56261bbf0b90_0;  1 drivers
v0x56261bbfcdb0_0 .net "ifun_e", 3 0, v0x56261bbf1df0_0;  1 drivers
v0x56261bbfce50_0 .net "ifun_f", 3 0, v0x56261bbf45e0_0;  1 drivers
v0x56261bbfd050_0 .net "ifun_m", 3 0, v0x56261bbf6d90_0;  1 drivers
v0x56261bbfd0f0_0 .net "imem_error", 0 0, v0x56261bbf46b0_0;  1 drivers
v0x56261bbfd190_0 .net "instr_valid", 0 0, v0x56261bbf4810_0;  1 drivers
v0x56261bbfd230_0 .net "of", 0 0, v0x56261bbf37b0_0;  1 drivers
v0x56261bbfd300_0 .net "predit_pc_f", 63 0, v0x56261bbf56a0_0;  1 drivers
v0x56261bbfd3f0_0 .net "rA_d", 3 0, v0x56261bbf0da0_0;  1 drivers
v0x56261bbfd490_0 .net "rA_e", 3 0, v0x56261bbf2010_0;  1 drivers
v0x56261bbfd580_0 .net "rA_f", 3 0, v0x56261bbf4a40_0;  1 drivers
v0x56261bbfd670_0 .net "rA_m", 3 0, v0x56261bbf6f30_0;  1 drivers
v0x56261bbfd780_0 .net "rA_w", 3 0, v0x56261bbfb0a0_0;  1 drivers
v0x56261bbfd890_0 .net "rB_d", 3 0, v0x56261bbf0f20_0;  1 drivers
v0x56261bbfd950_0 .net "rB_e", 3 0, v0x56261bbf2200_0;  1 drivers
v0x56261bbfda60_0 .net "rB_f", 3 0, v0x56261bbf4b30_0;  1 drivers
v0x56261bbfdb70_0 .net "rB_m", 3 0, v0x56261bbf7140_0;  1 drivers
v0x56261bbfdc80_0 .net "rB_w", 3 0, v0x56261bbfb1e0_0;  1 drivers
v0x56261bbfdd90_0 .net "reg_mem0", 63 0, v0x56261bbf9430_0;  1 drivers
v0x56261bbfdea0_0 .net "reg_mem1", 63 0, v0x56261bbf94f0_0;  1 drivers
v0x56261bbfdfb0_0 .net "reg_mem10", 63 0, v0x56261bbf95c0_0;  1 drivers
v0x56261bbfe0c0_0 .net "reg_mem11", 63 0, v0x56261bbf9690_0;  1 drivers
v0x56261bbfe1d0_0 .net "reg_mem12", 63 0, v0x56261bbf9760_0;  1 drivers
v0x56261bbfe2e0_0 .net "reg_mem13", 63 0, v0x56261bbf9830_0;  1 drivers
v0x56261bbfe3f0_0 .net "reg_mem14", 63 0, v0x56261bbf9900_0;  1 drivers
v0x56261bbfe500_0 .net "reg_mem2", 63 0, v0x56261bbf99d0_0;  1 drivers
v0x56261bbfe610_0 .net "reg_mem3", 63 0, v0x56261bbf9aa0_0;  1 drivers
v0x56261bbfe720_0 .net "reg_mem4", 63 0, v0x56261bbf9b70_0;  1 drivers
v0x56261bbfe830_0 .net "reg_mem5", 63 0, v0x56261bbf9c40_0;  1 drivers
v0x56261bbfe940_0 .net "reg_mem6", 63 0, v0x56261bbf9e20_0;  1 drivers
v0x56261bbfea50_0 .net "reg_mem7", 63 0, v0x56261bbf9ef0_0;  1 drivers
v0x56261bbfeb60_0 .net "reg_mem8", 63 0, v0x56261bbf9fc0_0;  1 drivers
v0x56261bbfec70_0 .net "reg_mem9", 63 0, v0x56261bbfa090_0;  1 drivers
v0x56261bbfed80_0 .net "sf", 0 0, v0x56261bbf3850_0;  1 drivers
v0x56261bbfee20 .array "stat", 2 0, 0 0;
v0x56261bbfef20_0 .net "stat_d", 2 0, v0x56261bbf10a0_0;  1 drivers
v0x56261bbff030_0 .net "stat_e", 2 0, v0x56261bbf2430_0;  1 drivers
o0x7fa22b70cbe8 .functor BUFZ 3, C4<zzz>; HiZ drive
v0x56261bbff140_0 .net "stat_f", 2 0, o0x7fa22b70cbe8;  0 drivers
v0x56261bbff200_0 .net "stat_m", 2 0, v0x56261bbf72f0_0;  1 drivers
v0x56261bbff2f0_0 .net "stat_w", 2 0, v0x56261bbfb380_0;  1 drivers
v0x56261bbff3b0_0 .net "updated_pc", 63 0, v0x56261bbf82e0_0;  1 drivers
v0x56261bbff450_0 .net "valA_d", 63 0, v0x56261bbf0230_0;  1 drivers
v0x56261bbff540_0 .net "valA_e", 63 0, v0x56261bbf25b0_0;  1 drivers
v0x56261bbff600_0 .net "valA_m", 63 0, v0x56261bbf7470_0;  1 drivers
v0x56261bbff6c0_0 .net "valA_w", 63 0, v0x56261bbfb500_0;  1 drivers
v0x56261bbff780_0 .net "valB_d", 63 0, v0x56261bbf0310_0;  1 drivers
v0x56261bbff870_0 .net "valB_e", 63 0, v0x56261bbf2730_0;  1 drivers
v0x56261bbff930_0 .net "valB_m", 63 0, v0x56261bbf7620_0;  1 drivers
v0x56261bbffa40_0 .net "valB_w", 63 0, v0x56261bbfb6a0_0;  1 drivers
v0x56261bbffb00_0 .net "valE_e", 63 0, v0x56261bbf3ba0_0;  1 drivers
v0x56261bbffbf0_0 .net "valE_m", 63 0, v0x56261bbf78d0_0;  1 drivers
v0x56261bbffcb0_0 .net "valE_w", 63 0, v0x56261bbfb980_0;  1 drivers
v0x56261bbffdc0_0 .net "valM_m", 63 0, v0x56261bbf60e0_0;  1 drivers
v0x56261bbffed0_0 .net "valM_w", 63 0, v0x56261bbfbb10_0;  1 drivers
v0x56261bbfff90_0 .net "valc_d", 63 0, v0x56261bbf1260_0;  1 drivers
v0x56261bc000a0_0 .net "valc_e", 63 0, v0x56261bbf28e0_0;  1 drivers
v0x56261bc00160_0 .net "valc_f", 63 0, v0x56261bbf4da0_0;  1 drivers
v0x56261bc00270_0 .net "valc_m", 63 0, v0x56261bbf7a90_0;  1 drivers
v0x56261bc00380_0 .net "valc_w", 63 0, v0x56261bbfbcc0_0;  1 drivers
v0x56261bc00490_0 .net "valp_d", 63 0, v0x56261bbf1420_0;  1 drivers
v0x56261bc005a0_0 .net "valp_e", 63 0, v0x56261bbf2ba0_0;  1 drivers
v0x56261bc006b0_0 .net "valp_f", 63 0, v0x56261bbf4e90_0;  1 drivers
v0x56261bc00770_0 .net "valp_m", 63 0, v0x56261bbf7c30_0;  1 drivers
v0x56261bc00830_0 .net "valp_w", 63 0, v0x56261bbfbe80_0;  1 drivers
v0x56261bc008f0_0 .net "zf", 0 0, v0x56261bbf3c60_0;  1 drivers
v0x56261bbfee20_0 .array/port v0x56261bbfee20, 0;
v0x56261bbfee20_1 .array/port v0x56261bbfee20, 1;
v0x56261bbfee20_2 .array/port v0x56261bbfee20, 2;
E_0x56261bb46e90 .event edge, v0x56261bbfee20_0, v0x56261bbfee20_1, v0x56261bbfee20_2;
E_0x56261bb47130 .event edge, v0x56261bbf4460_0, v0x56261bbf4810_0;
E_0x56261bb473d0 .event edge, v0x56261bbf82e0_0;
S_0x56261bb0e540 .scope module, "decode" "decode" 2 230, 3 3 0, S_0x56261bb0e3b0;
 .timescale -9 -12;
    .port_info 0 /INPUT 1 "clk";
    .port_info 1 /INPUT 4 "icode";
    .port_info 2 /INPUT 4 "rA";
    .port_info 3 /INPUT 4 "rB";
    .port_info 4 /OUTPUT 64 "valA";
    .port_info 5 /OUTPUT 64 "valB";
    .port_info 6 /INPUT 64 "reg_mem0";
    .port_info 7 /INPUT 64 "reg_mem1";
    .port_info 8 /INPUT 64 "reg_mem2";
    .port_info 9 /INPUT 64 "reg_mem3";
    .port_info 10 /INPUT 64 "reg_mem4";
    .port_info 11 /INPUT 64 "reg_mem5";
    .port_info 12 /INPUT 64 "reg_mem6";
    .port_info 13 /INPUT 64 "reg_mem7";
    .port_info 14 /INPUT 64 "reg_mem8";
    .port_info 15 /INPUT 64 "reg_mem9";
    .port_info 16 /INPUT 64 "reg_mem10";
    .port_info 17 /INPUT 64 "reg_mem11";
    .port_info 18 /INPUT 64 "reg_mem12";
    .port_info 19 /INPUT 64 "reg_mem13";
    .port_info 20 /INPUT 64 "reg_mem14";
v0x56261bbd3e20_0 .net "clk", 0 0, v0x56261bbfc300_0;  1 drivers
v0x56261bba8900_0 .net "icode", 3 0, v0x56261bbf0a50_0;  alias, 1 drivers
v0x56261bbd22d0_0 .net "rA", 3 0, v0x56261bbf0da0_0;  alias, 1 drivers
v0x56261bad67b0_0 .net "rB", 3 0, v0x56261bbf0f20_0;  alias, 1 drivers
v0x56261bbc1be0 .array "reg_mem", 14 0, 63 0;
v0x56261bba9370_0 .net "reg_mem0", 63 0, v0x56261bbf9430_0;  alias, 1 drivers
v0x56261bad6350_0 .net "reg_mem1", 63 0, v0x56261bbf94f0_0;  alias, 1 drivers
v0x56261bbef6d0_0 .net "reg_mem10", 63 0, v0x56261bbf95c0_0;  alias, 1 drivers
v0x56261bbef7b0_0 .net "reg_mem11", 63 0, v0x56261bbf9690_0;  alias, 1 drivers
v0x56261bbef890_0 .net "reg_mem12", 63 0, v0x56261bbf9760_0;  alias, 1 drivers
v0x56261bbef970_0 .net "reg_mem13", 63 0, v0x56261bbf9830_0;  alias, 1 drivers
v0x56261bbefa50_0 .net "reg_mem14", 63 0, v0x56261bbf9900_0;  alias, 1 drivers
v0x56261bbefb30_0 .net "reg_mem2", 63 0, v0x56261bbf99d0_0;  alias, 1 drivers
v0x56261bbefc10_0 .net "reg_mem3", 63 0, v0x56261bbf9aa0_0;  alias, 1 drivers
v0x56261bbefcf0_0 .net "reg_mem4", 63 0, v0x56261bbf9b70_0;  alias, 1 drivers
v0x56261bbefdd0_0 .net "reg_mem5", 63 0, v0x56261bbf9c40_0;  alias, 1 drivers
v0x56261bbefeb0_0 .net "reg_mem6", 63 0, v0x56261bbf9e20_0;  alias, 1 drivers
v0x56261bbeff90_0 .net "reg_mem7", 63 0, v0x56261bbf9ef0_0;  alias, 1 drivers
v0x56261bbf0070_0 .net "reg_mem8", 63 0, v0x56261bbf9fc0_0;  alias, 1 drivers
v0x56261bbf0150_0 .net "reg_mem9", 63 0, v0x56261bbfa090_0;  alias, 1 drivers
v0x56261bbf0230_0 .var "valA", 63 0;
v0x56261bbf0310_0 .var "valB", 63 0;
E_0x56261bb45570/0 .event edge, v0x56261bba9370_0, v0x56261bad6350_0, v0x56261bbefb30_0, v0x56261bbefc10_0;
E_0x56261bb45570/1 .event edge, v0x56261bbefcf0_0, v0x56261bbefdd0_0, v0x56261bbefeb0_0, v0x56261bbeff90_0;
E_0x56261bb45570/2 .event edge, v0x56261bbf0070_0, v0x56261bbf0150_0, v0x56261bbef6d0_0, v0x56261bbef7b0_0;
E_0x56261bb45570/3 .event edge, v0x56261bbef890_0, v0x56261bbef970_0, v0x56261bbefa50_0, v0x56261bba8900_0;
v0x56261bbc1be0_0 .array/port v0x56261bbc1be0, 0;
v0x56261bbc1be0_1 .array/port v0x56261bbc1be0, 1;
v0x56261bbc1be0_2 .array/port v0x56261bbc1be0, 2;
E_0x56261bb45570/4 .event edge, v0x56261bbd22d0_0, v0x56261bbc1be0_0, v0x56261bbc1be0_1, v0x56261bbc1be0_2;
v0x56261bbc1be0_3 .array/port v0x56261bbc1be0, 3;
v0x56261bbc1be0_4 .array/port v0x56261bbc1be0, 4;
v0x56261bbc1be0_5 .array/port v0x56261bbc1be0, 5;
v0x56261bbc1be0_6 .array/port v0x56261bbc1be0, 6;
E_0x56261bb45570/5 .event edge, v0x56261bbc1be0_3, v0x56261bbc1be0_4, v0x56261bbc1be0_5, v0x56261bbc1be0_6;
v0x56261bbc1be0_7 .array/port v0x56261bbc1be0, 7;
v0x56261bbc1be0_8 .array/port v0x56261bbc1be0, 8;
v0x56261bbc1be0_9 .array/port v0x56261bbc1be0, 9;
v0x56261bbc1be0_10 .array/port v0x56261bbc1be0, 10;
E_0x56261bb45570/6 .event edge, v0x56261bbc1be0_7, v0x56261bbc1be0_8, v0x56261bbc1be0_9, v0x56261bbc1be0_10;
v0x56261bbc1be0_11 .array/port v0x56261bbc1be0, 11;
v0x56261bbc1be0_12 .array/port v0x56261bbc1be0, 12;
v0x56261bbc1be0_13 .array/port v0x56261bbc1be0, 13;
v0x56261bbc1be0_14 .array/port v0x56261bbc1be0, 14;
E_0x56261bb45570/7 .event edge, v0x56261bbc1be0_11, v0x56261bbc1be0_12, v0x56261bbc1be0_13, v0x56261bbc1be0_14;
E_0x56261bb45570/8 .event edge, v0x56261bad67b0_0;
E_0x56261bb45570 .event/or E_0x56261bb45570/0, E_0x56261bb45570/1, E_0x56261bb45570/2, E_0x56261bb45570/3, E_0x56261bb45570/4, E_0x56261bb45570/5, E_0x56261bb45570/6, E_0x56261bb45570/7, E_0x56261bb45570/8;
S_0x56261bbf0740 .scope module, "dreg" "decode_reg" 2 105, 4 1 0, S_0x56261bb0e3b0;
 .timescale -9 -12;
    .port_info 0 /INPUT 1 "clk";
    .port_info 1 /INPUT 3 "stat_f";
    .port_info 2 /INPUT 4 "icode_f";
    .port_info 3 /INPUT 4 "ifun_f";
    .port_info 4 /INPUT 4 "rA_f";
    .port_info 5 /INPUT 4 "rB_f";
    .port_info 6 /INPUT 64 "valc_f";
    .port_info 7 /INPUT 64 "valp_f";
    .port_info 8 /OUTPUT 3 "stat_d";
    .port_info 9 /OUTPUT 4 "icode_d";
    .port_info 10 /OUTPUT 4 "ifun_d";
    .port_info 11 /OUTPUT 4 "rA_d";
    .port_info 12 /OUTPUT 4 "rB_d";
    .port_info 13 /OUTPUT 64 "valc_d";
    .port_info 14 /OUTPUT 64 "valp_d";
v0x56261bbf0990_0 .net "clk", 0 0, v0x56261bbfc300_0;  alias, 1 drivers
v0x56261bbf0a50_0 .var "icode_d", 3 0;
v0x56261bbf0af0_0 .net "icode_f", 3 0, v0x56261bbf4520_0;  alias, 1 drivers
v0x56261bbf0b90_0 .var "ifun_d", 3 0;
v0x56261bbf0c70_0 .net "ifun_f", 3 0, v0x56261bbf45e0_0;  alias, 1 drivers
v0x56261bbf0da0_0 .var "rA_d", 3 0;
v0x56261bbf0e60_0 .net "rA_f", 3 0, v0x56261bbf4a40_0;  alias, 1 drivers
v0x56261bbf0f20_0 .var "rB_d", 3 0;
v0x56261bbf0fe0_0 .net "rB_f", 3 0, v0x56261bbf4b30_0;  alias, 1 drivers
v0x56261bbf10a0_0 .var "stat_d", 2 0;
v0x56261bbf1180_0 .net "stat_f", 2 0, o0x7fa22b70cbe8;  alias, 0 drivers
v0x56261bbf1260_0 .var "valc_d", 63 0;
v0x56261bbf1340_0 .net "valc_f", 63 0, v0x56261bbf4da0_0;  alias, 1 drivers
v0x56261bbf1420_0 .var "valp_d", 63 0;
v0x56261bbf1500_0 .net "valp_f", 63 0, v0x56261bbf4e90_0;  alias, 1 drivers
E_0x56261bb45900 .event posedge, v0x56261bbd3e20_0;
S_0x56261bbf1840 .scope module, "ereg" "execute_reg" 2 125, 5 1 0, S_0x56261bb0e3b0;
 .timescale -9 -12;
    .port_info 0 /INPUT 1 "clk";
    .port_info 1 /INPUT 3 "stat_d";
    .port_info 2 /INPUT 4 "icode_d";
    .port_info 3 /INPUT 4 "ifun_d";
    .port_info 4 /INPUT 64 "valc_d";
    .port_info 5 /INPUT 64 "valp_d";
    .port_info 6 /INPUT 64 "valA_d";
    .port_info 7 /INPUT 64 "valB_d";
    .port_info 8 /INPUT 4 "rA_d";
    .port_info 9 /INPUT 4 "rB_d";
    .port_info 10 /OUTPUT 3 "stat_e";
    .port_info 11 /OUTPUT 4 "icode_e";
    .port_info 12 /OUTPUT 4 "ifun_e";
    .port_info 13 /OUTPUT 64 "valA_e";
    .port_info 14 /OUTPUT 64 "valB_e";
    .port_info 15 /OUTPUT 4 "rA_e";
    .port_info 16 /OUTPUT 4 "rB_e";
    .port_info 17 /OUTPUT 64 "valp_e";
    .port_info 18 /OUTPUT 64 "valc_e";
v0x56261bbf1a70_0 .net "clk", 0 0, v0x56261bbfc300_0;  alias, 1 drivers
v0x56261bbf1b60_0 .net "icode_d", 3 0, v0x56261bbf0a50_0;  alias, 1 drivers
v0x56261bbf1c70_0 .var "icode_e", 3 0;
v0x56261bbf1d30_0 .net "ifun_d", 3 0, v0x56261bbf0b90_0;  alias, 1 drivers
v0x56261bbf1df0_0 .var "ifun_e", 3 0;
v0x56261bbf1f00_0 .net "rA_d", 3 0, v0x56261bbf0da0_0;  alias, 1 drivers
v0x56261bbf2010_0 .var "rA_e", 3 0;
v0x56261bbf20f0_0 .net "rB_d", 3 0, v0x56261bbf0f20_0;  alias, 1 drivers
v0x56261bbf2200_0 .var "rB_e", 3 0;
v0x56261bbf2370_0 .net "stat_d", 2 0, v0x56261bbf10a0_0;  alias, 1 drivers
v0x56261bbf2430_0 .var "stat_e", 2 0;
v0x56261bbf24f0_0 .net "valA_d", 63 0, v0x56261bbf0230_0;  alias, 1 drivers
v0x56261bbf25b0_0 .var "valA_e", 63 0;
v0x56261bbf2670_0 .net "valB_d", 63 0, v0x56261bbf0310_0;  alias, 1 drivers
v0x56261bbf2730_0 .var "valB_e", 63 0;
v0x56261bbf27f0_0 .net "valc_d", 63 0, v0x56261bbf1260_0;  alias, 1 drivers
v0x56261bbf28e0_0 .var "valc_e", 63 0;
v0x56261bbf2ab0_0 .net "valp_d", 63 0, v0x56261bbf1420_0;  alias, 1 drivers
v0x56261bbf2ba0_0 .var "valp_e", 63 0;
S_0x56261bbf2f60 .scope module, "execute" "execute" 2 254, 6 5 0, S_0x56261bb0e3b0;
 .timescale -9 -12;
    .port_info 0 /INPUT 1 "clk";
    .port_info 1 /INPUT 64 "valA";
    .port_info 2 /INPUT 64 "valB";
    .port_info 3 /INPUT 64 "valC";
    .port_info 4 /INPUT 4 "ifun";
    .port_info 5 /INPUT 4 "icode";
    .port_info 6 /OUTPUT 1 "sf";
    .port_info 7 /OUTPUT 1 "of";
    .port_info 8 /OUTPUT 1 "zf";
    .port_info 9 /OUTPUT 64 "valE";
    .port_info 10 /OUTPUT 1 "cond";
v0x56261bbf19d0_0 .var "a_sf", 0 0;
v0x56261bbf32c0_0 .var "ans", 0 0;
v0x56261bbf3380_0 .var "b_sf", 0 0;
v0x56261bbf3450_0 .net "clk", 0 0, v0x56261bbfc300_0;  alias, 1 drivers
v0x56261bbf34f0_0 .var "cond", 0 0;
v0x56261bbf3620_0 .net "icode", 3 0, v0x56261bbf1c70_0;  alias, 1 drivers
v0x56261bbf36e0_0 .net "ifun", 3 0, v0x56261bbf1df0_0;  alias, 1 drivers
v0x56261bbf37b0_0 .var "of", 0 0;
v0x56261bbf3850_0 .var "sf", 0 0;
v0x56261bbf3910_0 .net "valA", 63 0, v0x56261bbf25b0_0;  alias, 1 drivers
v0x56261bbf3a00_0 .net "valB", 63 0, v0x56261bbf2730_0;  alias, 1 drivers
v0x56261bbf3ad0_0 .net "valC", 63 0, v0x56261bbf28e0_0;  alias, 1 drivers
v0x56261bbf3ba0_0 .var "valE", 63 0;
v0x56261bbf3c60_0 .var "zf", 0 0;
E_0x56261baf8a90/0 .event edge, v0x56261bbf1c70_0, v0x56261bbf25b0_0, v0x56261bbf1df0_0, v0x56261bbf3850_0;
E_0x56261baf8a90/1 .event edge, v0x56261bbf3c60_0, v0x56261bbf28e0_0, v0x56261bbf2730_0, v0x56261bbf32c0_0;
E_0x56261baf8a90/2 .event edge, v0x56261bbf19d0_0, v0x56261bbf3380_0;
E_0x56261baf8a90 .event/or E_0x56261baf8a90/0, E_0x56261baf8a90/1, E_0x56261baf8a90/2;
S_0x56261bbf3e80 .scope module, "fetch" "fetch" 2 215, 7 3 0, S_0x56261bb0e3b0;
 .timescale -9 -12;
    .port_info 0 /INPUT 1 "clk";
    .port_info 1 /INPUT 64 "PC";
    .port_info 2 /OUTPUT 4 "icode";
    .port_info 3 /OUTPUT 4 "ifun";
    .port_info 4 /OUTPUT 4 "rA";
    .port_info 5 /OUTPUT 4 "rB";
    .port_info 6 /OUTPUT 64 "valC";
    .port_info 7 /OUTPUT 64 "valP";
    .port_info 8 /OUTPUT 1 "instr_valid";
    .port_info 9 /OUTPUT 1 "imem_error";
    .port_info 10 /OUTPUT 1 "hlt";
v0x56261bbf4170_0 .net "PC", 63 0, v0x56261bbfc220_0;  1 drivers
v0x56261bbf4270_0 .net "clk", 0 0, v0x56261bbfc300_0;  alias, 1 drivers
v0x56261bbf43c0_0 .var/i "clockbreak", 31 0;
v0x56261bbf4460_0 .var "hlt", 0 0;
v0x56261bbf4520_0 .var "icode", 3 0;
v0x56261bbf45e0_0 .var "ifun", 3 0;
v0x56261bbf46b0_0 .var "imem_error", 0 0;
v0x56261bbf4750 .array "inst_stack", 2048 0, 7 0;
v0x56261bbf4810_0 .var "instr_valid", 0 0;
v0x56261bbf4960_0 .var "instruction", 0 79;
v0x56261bbf4a40_0 .var "rA", 3 0;
v0x56261bbf4b30_0 .var "rB", 3 0;
v0x56261bbf4c00_0 .var "revbyteinstr", 0 79;
v0x56261bbf4cc0_0 .var "temppc", 63 0;
v0x56261bbf4da0_0 .var "valC", 63 0;
v0x56261bbf4e90_0 .var "valP", 63 0;
v0x56261bbf4f60_0 .var "xflag", 0 0;
S_0x56261bbf52d0 .scope module, "freg" "fetch_reg" 2 99, 8 1 0, S_0x56261bb0e3b0;
 .timescale -9 -12;
    .port_info 0 /INPUT 1 "clk";
    .port_info 1 /INPUT 64 "predit_pc";
    .port_info 2 /OUTPUT 64 "predit_pc_f";
v0x56261bbf54d0_0 .net "clk", 0 0, v0x56261bbfc300_0;  alias, 1 drivers
v0x56261bbf5590_0 .net "predit_pc", 63 0, v0x56261bbf4e90_0;  alias, 1 drivers
v0x56261bbf56a0_0 .var "predit_pc_f", 63 0;
S_0x56261bbf57e0 .scope module, "memory" "memory" 2 268, 9 3 0, S_0x56261bb0e3b0;
 .timescale -9 -12;
    .port_info 0 /INPUT 1 "clk";
    .port_info 1 /INPUT 4 "icode";
    .port_info 2 /INPUT 64 "valA";
    .port_info 3 /OUTPUT 64 "valM";
    .port_info 4 /INPUT 64 "valP";
    .port_info 5 /INPUT 64 "valE";
    .port_info 6 /OUTPUT 1 "dmem_error";
v0x56261bbf5a00_0 .var "address", 63 0;
v0x56261bbf5ae0_0 .net "clk", 0 0, v0x56261bbfc300_0;  alias, 1 drivers
v0x56261bbf5ba0_0 .var "dmem_error", 0 0;
v0x56261bbf5c70_0 .net "icode", 3 0, v0x56261bbf6b90_0;  alias, 1 drivers
v0x56261bbf5d30 .array "memory", 2048 0, 63 0;
v0x56261bbf5e40_0 .var "read", 0 0;
v0x56261bbf5f20_0 .net "valA", 63 0, v0x56261bbf7470_0;  alias, 1 drivers
v0x56261bbf6000_0 .net "valE", 63 0, v0x56261bbf78d0_0;  alias, 1 drivers
v0x56261bbf60e0_0 .var "valM", 63 0;
v0x56261bbf61c0_0 .net "valP", 63 0, v0x56261bbf7c30_0;  alias, 1 drivers
v0x56261bbf62a0_0 .var "value", 63 0;
S_0x56261bbf64a0 .scope module, "mreg" "memory_reg" 2 149, 10 1 0, S_0x56261bb0e3b0;
 .timescale -9 -12;
    .port_info 0 /INPUT 1 "clk";
    .port_info 1 /INPUT 3 "stat_e";
    .port_info 2 /INPUT 4 "icode_e";
    .port_info 3 /INPUT 4 "ifun_e";
    .port_info 4 /INPUT 1 "cnd_e";
    .port_info 5 /INPUT 64 "valE_e";
    .port_info 6 /INPUT 64 "valA_e";
    .port_info 7 /INPUT 64 "valB_e";
    .port_info 8 /INPUT 64 "valc_e";
    .port_info 9 /INPUT 64 "valp_e";
    .port_info 10 /INPUT 4 "rA_e";
    .port_info 11 /INPUT 4 "rB_e";
    .port_info 12 /OUTPUT 3 "stat_m";
    .port_info 13 /OUTPUT 4 "icode_m";
    .port_info 14 /OUTPUT 4 "ifun_m";
    .port_info 15 /OUTPUT 64 "valp_m";
    .port_info 16 /OUTPUT 64 "valc_m";
    .port_info 17 /OUTPUT 64 "valA_m";
    .port_info 18 /OUTPUT 64 "valB_m";
    .port_info 19 /OUTPUT 64 "valE_m";
    .port_info 20 /OUTPUT 1 "cnd_m";
    .port_info 21 /OUTPUT 4 "rA_m";
    .port_info 22 /OUTPUT 4 "rB_m";
v0x56261bbf6860_0 .net "clk", 0 0, v0x56261bbfc300_0;  alias, 1 drivers
v0x56261bbf6920_0 .net "cnd_e", 0 0, o0x7fa22b70dff8;  alias, 0 drivers
v0x56261bbf69e0_0 .var "cnd_m", 0 0;
v0x56261bbf6a80_0 .net "icode_e", 3 0, v0x56261bbf1c70_0;  alias, 1 drivers
v0x56261bbf6b90_0 .var "icode_m", 3 0;
v0x56261bbf6ca0_0 .net "ifun_e", 3 0, v0x56261bbf1df0_0;  alias, 1 drivers
v0x56261bbf6d90_0 .var "ifun_m", 3 0;
v0x56261bbf6e70_0 .net "rA_e", 3 0, v0x56261bbf2010_0;  alias, 1 drivers
v0x56261bbf6f30_0 .var "rA_m", 3 0;
v0x56261bbf7080_0 .net "rB_e", 3 0, v0x56261bbf2200_0;  alias, 1 drivers
v0x56261bbf7140_0 .var "rB_m", 3 0;
v0x56261bbf7200_0 .net "stat_e", 2 0, v0x56261bbf2430_0;  alias, 1 drivers
v0x56261bbf72f0_0 .var "stat_m", 2 0;
v0x56261bbf73b0_0 .net "valA_e", 63 0, v0x56261bbf25b0_0;  alias, 1 drivers
v0x56261bbf7470_0 .var "valA_m", 63 0;
v0x56261bbf7530_0 .net "valB_e", 63 0, v0x56261bbf2730_0;  alias, 1 drivers
v0x56261bbf7620_0 .var "valB_m", 63 0;
v0x56261bbf7810_0 .net "valE_e", 63 0, v0x56261bbf3ba0_0;  alias, 1 drivers
v0x56261bbf78d0_0 .var "valE_m", 63 0;
v0x56261bbf79a0_0 .net "valc_e", 63 0, v0x56261bbf28e0_0;  alias, 1 drivers
v0x56261bbf7a90_0 .var "valc_m", 63 0;
v0x56261bbf7b70_0 .net "valp_e", 63 0, v0x56261bbf2ba0_0;  alias, 1 drivers
v0x56261bbf7c30_0 .var "valp_m", 63 0;
S_0x56261bbf7fc0 .scope module, "pcup" "pc_update" 2 203, 11 3 0, S_0x56261bb0e3b0;
 .timescale -9 -12;
    .port_info 0 /INPUT 1 "clk";
    .port_info 1 /INPUT 4 "icode";
    .port_info 2 /INPUT 64 "valP";
    .port_info 3 /INPUT 64 "valC";
    .port_info 4 /INPUT 1 "cond";
    .port_info 5 /INPUT 64 "valM";
    .port_info 6 /OUTPUT 64 "PC";
v0x56261bbf82e0_0 .var "PC", 63 0;
v0x56261bbf83e0_0 .net "clk", 0 0, v0x56261bbfc300_0;  alias, 1 drivers
v0x56261bbf85b0_0 .net "cond", 0 0, o0x7fa22b70e5f8;  alias, 0 drivers
v0x56261bbf8680_0 .net "icode", 3 0, v0x56261bbfacc0_0;  alias, 1 drivers
v0x56261bbf8740_0 .net "valC", 63 0, v0x56261bbfbcc0_0;  alias, 1 drivers
v0x56261bbf8820_0 .net "valM", 63 0, v0x56261bbfbb10_0;  alias, 1 drivers
v0x56261bbf8900_0 .net "valP", 63 0, v0x56261bbf56a0_0;  alias, 1 drivers
E_0x56261bbf8250/0 .event edge, v0x56261bbf8680_0, v0x56261bbf56a0_0, v0x56261bbf85b0_0, v0x56261bbf8740_0;
E_0x56261bbf8250/1 .event edge, v0x56261bbf8820_0;
E_0x56261bbf8250 .event/or E_0x56261bbf8250/0, E_0x56261bbf8250/1;
S_0x56261bbf8ac0 .scope module, "wb" "writeback" 2 278, 12 3 0, S_0x56261bb0e3b0;
 .timescale -9 -12;
    .port_info 0 /INPUT 1 "clk";
    .port_info 1 /INPUT 1 "cond";
    .port_info 2 /INPUT 4 "icode";
    .port_info 3 /INPUT 4 "rA";
    .port_info 4 /INPUT 4 "rB";
    .port_info 5 /INPUT 64 "valE";
    .port_info 6 /INPUT 64 "valM";
    .port_info 7 /OUTPUT 64 "reg_mem0";
    .port_info 8 /OUTPUT 64 "reg_mem1";
    .port_info 9 /OUTPUT 64 "reg_mem2";
    .port_info 10 /OUTPUT 64 "reg_mem3";
    .port_info 11 /OUTPUT 64 "reg_mem4";
    .port_info 12 /OUTPUT 64 "reg_mem5";
    .port_info 13 /OUTPUT 64 "reg_mem6";
    .port_info 14 /OUTPUT 64 "reg_mem7";
    .port_info 15 /OUTPUT 64 "reg_mem8";
    .port_info 16 /OUTPUT 64 "reg_mem9";
    .port_info 17 /OUTPUT 64 "reg_mem10";
    .port_info 18 /OUTPUT 64 "reg_mem11";
    .port_info 19 /OUTPUT 64 "reg_mem12";
    .port_info 20 /OUTPUT 64 "reg_mem13";
    .port_info 21 /OUTPUT 64 "reg_mem14";
v0x56261bbf8f00_0 .net "clk", 0 0, v0x56261bbfc300_0;  alias, 1 drivers
v0x56261bbf8fc0_0 .net "cond", 0 0, o0x7fa22b70e808;  alias, 0 drivers
v0x56261bbf9080_0 .net "icode", 3 0, v0x56261bbfacc0_0;  alias, 1 drivers
v0x56261bbf9180_0 .net "rA", 3 0, v0x56261bbfb0a0_0;  alias, 1 drivers
v0x56261bbf9240_0 .net "rB", 3 0, v0x56261bbfb1e0_0;  alias, 1 drivers
v0x56261bbf9370 .array "reg_mem", 14 0, 63 0;
v0x56261bbf9430_0 .var "reg_mem0", 63 0;
v0x56261bbf94f0_0 .var "reg_mem1", 63 0;
v0x56261bbf95c0_0 .var "reg_mem10", 63 0;
v0x56261bbf9690_0 .var "reg_mem11", 63 0;
v0x56261bbf9760_0 .var "reg_mem12", 63 0;
v0x56261bbf9830_0 .var "reg_mem13", 63 0;
v0x56261bbf9900_0 .var "reg_mem14", 63 0;
v0x56261bbf99d0_0 .var "reg_mem2", 63 0;
v0x56261bbf9aa0_0 .var "reg_mem3", 63 0;
v0x56261bbf9b70_0 .var "reg_mem4", 63 0;
v0x56261bbf9c40_0 .var "reg_mem5", 63 0;
v0x56261bbf9e20_0 .var "reg_mem6", 63 0;
v0x56261bbf9ef0_0 .var "reg_mem7", 63 0;
v0x56261bbf9fc0_0 .var "reg_mem8", 63 0;
v0x56261bbfa090_0 .var "reg_mem9", 63 0;
v0x56261bbfa160_0 .net "valE", 63 0, v0x56261bbfb980_0;  alias, 1 drivers
v0x56261bbfa220_0 .net "valM", 63 0, v0x56261bbfbb10_0;  alias, 1 drivers
E_0x56261bbf59c0 .event negedge, v0x56261bbd3e20_0;
S_0x56261bbfa5b0 .scope module, "wreg" "writeback_reg" 2 177, 13 1 0, S_0x56261bb0e3b0;
 .timescale -9 -12;
    .port_info 0 /INPUT 1 "clk";
    .port_info 1 /INPUT 3 "stat_m";
    .port_info 2 /INPUT 4 "icode_m";
    .port_info 3 /INPUT 64 "valA_m";
    .port_info 4 /INPUT 64 "valB_m";
    .port_info 5 /INPUT 4 "rA_m";
    .port_info 6 /INPUT 4 "rB_m";
    .port_info 7 /INPUT 64 "valc_m";
    .port_info 8 /INPUT 64 "valp_m";
    .port_info 9 /INPUT 64 "valE_m";
    .port_info 10 /INPUT 64 "valM_m";
    .port_info 11 /OUTPUT 3 "stat_w";
    .port_info 12 /OUTPUT 4 "icode_w";
    .port_info 13 /OUTPUT 4 "ifun_w";
    .port_info 14 /OUTPUT 64 "valA_w";
    .port_info 15 /OUTPUT 64 "valB_w";
    .port_info 16 /OUTPUT 64 "valc_w";
    .port_info 17 /OUTPUT 64 "valp_w";
    .port_info 18 /OUTPUT 64 "valE_w";
    .port_info 19 /OUTPUT 4 "rA_w";
    .port_info 20 /OUTPUT 4 "rB_w";
    .port_info 21 /OUTPUT 64 "valM_w";
v0x56261bbfa960_0 .net "clk", 0 0, v0x56261bbfc300_0;  alias, 1 drivers
o0x7fa22b70ece8 .functor BUFZ 1, C4<z>; HiZ drive
v0x56261bbfaa20_0 .net "cnd_m", 0 0, o0x7fa22b70ece8;  0 drivers
v0x56261bbfaae0_0 .var "cnd_w", 0 0;
v0x56261bbfabb0_0 .net "icode_m", 3 0, v0x56261bbf6b90_0;  alias, 1 drivers
v0x56261bbfacc0_0 .var "icode_w", 3 0;
o0x7fa22b70ed48 .functor BUFZ 4, C4<zzzz>; HiZ drive
v0x56261bbfae20_0 .net "ifun_m", 3 0, o0x7fa22b70ed48;  0 drivers
v0x56261bbfaf00_0 .var "ifun_w", 3 0;
v0x56261bbfafe0_0 .net "rA_m", 3 0, v0x56261bbf6f30_0;  alias, 1 drivers
v0x56261bbfb0a0_0 .var "rA_w", 3 0;
v0x56261bbfb140_0 .net "rB_m", 3 0, v0x56261bbf7140_0;  alias, 1 drivers
v0x56261bbfb1e0_0 .var "rB_w", 3 0;
v0x56261bbfb2b0_0 .net "stat_m", 2 0, v0x56261bbf72f0_0;  alias, 1 drivers
v0x56261bbfb380_0 .var "stat_w", 2 0;
v0x56261bbfb440_0 .net "valA_m", 63 0, v0x56261bbf7470_0;  alias, 1 drivers
v0x56261bbfb500_0 .var "valA_w", 63 0;
v0x56261bbfb5e0_0 .net "valB_m", 63 0, v0x56261bbf7620_0;  alias, 1 drivers
v0x56261bbfb6a0_0 .var "valB_w", 63 0;
v0x56261bbfb870_0 .net "valE_m", 63 0, v0x56261bbf78d0_0;  alias, 1 drivers
v0x56261bbfb980_0 .var "valE_w", 63 0;
v0x56261bbfba40_0 .net "valM_m", 63 0, v0x56261bbf60e0_0;  alias, 1 drivers
v0x56261bbfbb10_0 .var "valM_w", 63 0;
v0x56261bbfbc00_0 .net "valc_m", 63 0, v0x56261bbf7a90_0;  alias, 1 drivers
v0x56261bbfbcc0_0 .var "valc_w", 63 0;
v0x56261bbfbd90_0 .net "valp_m", 63 0, v0x56261bbf7c30_0;  alias, 1 drivers
v0x56261bbfbe80_0 .var "valp_w", 63 0;
    .scope S_0x56261bbf52d0;
T_0 ;
    %wait E_0x56261bb45900;
    %load/vec4 v0x56261bbf5590_0;
    %store/vec4 v0x56261bbf56a0_0, 0, 64;
    %jmp T_0;
    .thread T_0;
    .scope S_0x56261bbf0740;
T_1 ;
    %wait E_0x56261bb45900;
    %load/vec4 v0x56261bbf1180_0;
    %assign/vec4 v0x56261bbf10a0_0, 0;
    %load/vec4 v0x56261bbf0af0_0;
    %assign/vec4 v0x56261bbf0a50_0, 0;
    %load/vec4 v0x56261bbf0c70_0;
    %assign/vec4 v0x56261bbf0b90_0, 0;
    %load/vec4 v0x56261bbf0e60_0;
    %assign/vec4 v0x56261bbf0da0_0, 0;
    %load/vec4 v0x56261bbf0fe0_0;
    %assign/vec4 v0x56261bbf0f20_0, 0;
    %load/vec4 v0x56261bbf1340_0;
    %assign/vec4 v0x56261bbf1260_0, 0;
    %load/vec4 v0x56261bbf1500_0;
    %assign/vec4 v0x56261bbf1420_0, 0;
    %jmp T_1;
    .thread T_1;
    .scope S_0x56261bbf1840;
T_2 ;
    %wait E_0x56261bb45900;
    %load/vec4 v0x56261bbf2370_0;
    %assign/vec4 v0x56261bbf2430_0, 0;
    %load/vec4 v0x56261bbf1b60_0;
    %assign/vec4 v0x56261bbf1c70_0, 0;
    %load/vec4 v0x56261bbf1d30_0;
    %assign/vec4 v0x56261bbf1df0_0, 0;
    %load/vec4 v0x56261bbf1f00_0;
    %assign/vec4 v0x56261bbf2010_0, 0;
    %load/vec4 v0x56261bbf20f0_0;
    %assign/vec4 v0x56261bbf2200_0, 0;
    %load/vec4 v0x56261bbf27f0_0;
    %assign/vec4 v0x56261bbf28e0_0, 0;
    %load/vec4 v0x56261bbf2ab0_0;
    %assign/vec4 v0x56261bbf2ba0_0, 0;
    %load/vec4 v0x56261bbf24f0_0;
    %assign/vec4 v0x56261bbf25b0_0, 0;
    %load/vec4 v0x56261bbf2670_0;
    %assign/vec4 v0x56261bbf2730_0, 0;
    %jmp T_2;
    .thread T_2;
    .scope S_0x56261bbf64a0;
T_3 ;
    %wait E_0x56261bb45900;
    %load/vec4 v0x56261bbf7200_0;
    %assign/vec4 v0x56261bbf72f0_0, 0;
    %load/vec4 v0x56261bbf6a80_0;
    %assign/vec4 v0x56261bbf6b90_0, 0;
    %load/vec4 v0x56261bbf6ca0_0;
    %assign/vec4 v0x56261bbf6d90_0, 0;
    %load/vec4 v0x56261bbf6e70_0;
    %assign/vec4 v0x56261bbf6f30_0, 0;
    %load/vec4 v0x56261bbf7080_0;
    %assign/vec4 v0x56261bbf7140_0, 0;
    %load/vec4 v0x56261bbf6920_0;
    %assign/vec4 v0x56261bbf69e0_0, 0;
    %load/vec4 v0x56261bbf73b0_0;
    %assign/vec4 v0x56261bbf7470_0, 0;
    %load/vec4 v0x56261bbf7530_0;
    %assign/vec4 v0x56261bbf7620_0, 0;
    %load/vec4 v0x56261bbf7b70_0;
    %assign/vec4 v0x56261bbf7c30_0, 0;
    %load/vec4 v0x56261bbf79a0_0;
    %assign/vec4 v0x56261bbf7a90_0, 0;
    %load/vec4 v0x56261bbf7810_0;
    %assign/vec4 v0x56261bbf78d0_0, 0;
    %jmp T_3;
    .thread T_3;
    .scope S_0x56261bbfa5b0;
T_4 ;
    %wait E_0x56261bb45900;
    %load/vec4 v0x56261bbfb2b0_0;
    %assign/vec4 v0x56261bbfb380_0, 0;
    %load/vec4 v0x56261bbfabb0_0;
    %assign/vec4 v0x56261bbfacc0_0, 0;
    %load/vec4 v0x56261bbfae20_0;
    %assign/vec4 v0x56261bbfaf00_0, 0;
    %load/vec4 v0x56261bbfafe0_0;
    %assign/vec4 v0x56261bbfb0a0_0, 0;
    %load/vec4 v0x56261bbfb140_0;
    %assign/vec4 v0x56261bbfb1e0_0, 0;
    %load/vec4 v0x56261bbfb440_0;
    %assign/vec4 v0x56261bbfb500_0, 0;
    %load/vec4 v0x56261bbfb5e0_0;
    %assign/vec4 v0x56261bbfb6a0_0, 0;
    %load/vec4 v0x56261bbfbc00_0;
    %assign/vec4 v0x56261bbfbcc0_0, 0;
    %load/vec4 v0x56261bbfb870_0;
    %assign/vec4 v0x56261bbfb980_0, 0;
    %load/vec4 v0x56261bbfba40_0;
    %assign/vec4 v0x56261bbfbb10_0, 0;
    %load/vec4 v0x56261bbfbd90_0;
    %assign/vec4 v0x56261bbfbe80_0, 0;
    %jmp T_4;
    .thread T_4;
    .scope S_0x56261bbf7fc0;
T_5 ;
    %wait E_0x56261bbf8250;
    %delay 250000, 0;
    %load/vec4 v0x56261bbf8680_0;
    %dup/vec4;
    %pushi/vec4 0, 0, 4;
    %cmp/u;
    %jmp/1 T_5.0, 6;
    %dup/vec4;
    %pushi/vec4 1, 0, 4;
    %cmp/u;
    %jmp/1 T_5.1, 6;
    %dup/vec4;
    %pushi/vec4 2, 0, 4;
    %cmp/u;
    %jmp/1 T_5.2, 6;
    %dup/vec4;
    %pushi/vec4 3, 0, 4;
    %cmp/u;
    %jmp/1 T_5.3, 6;
    %dup/vec4;
    %pushi/vec4 4, 0, 4;
    %cmp/u;
    %jmp/1 T_5.4, 6;
    %dup/vec4;
    %pushi/vec4 5, 0, 4;
    %cmp/u;
    %jmp/1 T_5.5, 6;
    %dup/vec4;
    %pushi/vec4 6, 0, 4;
    %cmp/u;
    %jmp/1 T_5.6, 6;
    %dup/vec4;
    %pushi/vec4 10, 0, 4;
    %cmp/u;
    %jmp/1 T_5.7, 6;
    %dup/vec4;
    %pushi/vec4 11, 0, 4;
    %cmp/u;
    %jmp/1 T_5.8, 6;
    %dup/vec4;
    %pushi/vec4 7, 0, 4;
    %cmp/u;
    %jmp/1 T_5.9, 6;
    %dup/vec4;
    %pushi/vec4 8, 0, 4;
    %cmp/u;
    %jmp/1 T_5.10, 6;
    %dup/vec4;
    %pushi/vec4 9, 0, 4;
    %cmp/u;
    %jmp/1 T_5.11, 6;
    %jmp T_5.12;
T_5.0 ;
    %delay 5000, 0;
    %load/vec4 v0x56261bbf8900_0;
    %store/vec4 v0x56261bbf82e0_0, 0, 64;
    %jmp T_5.12;
T_5.1 ;
    %delay 5000, 0;
    %load/vec4 v0x56261bbf8900_0;
    %store/vec4 v0x56261bbf82e0_0, 0, 64;
    %jmp T_5.12;
T_5.2 ;
    %delay 5000, 0;
    %load/vec4 v0x56261bbf8900_0;
    %store/vec4 v0x56261bbf82e0_0, 0, 64;
    %jmp T_5.12;
T_5.3 ;
    %delay 5000, 0;
    %load/vec4 v0x56261bbf8900_0;
    %store/vec4 v0x56261bbf82e0_0, 0, 64;
    %jmp T_5.12;
T_5.4 ;
    %delay 5000, 0;
    %load/vec4 v0x56261bbf8900_0;
    %store/vec4 v0x56261bbf82e0_0, 0, 64;
    %jmp T_5.12;
T_5.5 ;
    %delay 5000, 0;
    %load/vec4 v0x56261bbf8900_0;
    %store/vec4 v0x56261bbf82e0_0, 0, 64;
    %jmp T_5.12;
T_5.6 ;
    %delay 5000, 0;
    %load/vec4 v0x56261bbf8900_0;
    %store/vec4 v0x56261bbf82e0_0, 0, 64;
    %jmp T_5.12;
T_5.7 ;
    %delay 5000, 0;
    %load/vec4 v0x56261bbf8900_0;
    %store/vec4 v0x56261bbf82e0_0, 0, 64;
    %jmp T_5.12;
T_5.8 ;
    %delay 5000, 0;
    %load/vec4 v0x56261bbf8900_0;
    %store/vec4 v0x56261bbf82e0_0, 0, 64;
    %jmp T_5.12;
T_5.9 ;
    %load/vec4 v0x56261bbf85b0_0;
    %pad/u 32;
    %cmpi/e 1, 0, 32;
    %jmp/0xz  T_5.13, 4;
    %delay 5000, 0;
    %load/vec4 v0x56261bbf8740_0;
    %store/vec4 v0x56261bbf82e0_0, 0, 64;
    %jmp T_5.14;
T_5.13 ;
    %delay 5000, 0;
    %load/vec4 v0x56261bbf8900_0;
    %store/vec4 v0x56261bbf82e0_0, 0, 64;
T_5.14 ;
    %jmp T_5.12;
T_5.10 ;
    %delay 5000, 0;
    %load/vec4 v0x56261bbf8740_0;
    %store/vec4 v0x56261bbf82e0_0, 0, 64;
    %jmp T_5.12;
T_5.11 ;
    %delay 5000, 0;
    %load/vec4 v0x56261bbf8820_0;
    %store/vec4 v0x56261bbf82e0_0, 0, 64;
    %jmp T_5.12;
T_5.12 ;
    %pop/vec4 1;
    %jmp T_5;
    .thread T_5, $push;
    .scope S_0x56261bbf3e80;
T_6 ;
    %pushi/vec4 0, 0, 1;
    %store/vec4 v0x56261bbf4f60_0, 0, 1;
    %pushi/vec4 0, 0, 64;
    %store/vec4 v0x56261bbf4cc0_0, 0, 64;
    %pushi/vec4 0, 0, 32;
    %store/vec4 v0x56261bbf43c0_0, 0, 32;
    %pushi/vec4 16, 0, 8;
    %ix/load 4, 0, 0;
    %flag_set/imm 4, 0;
    %store/vec4a v0x56261bbf4750, 4, 0;
    %pushi/vec4 48, 0, 8;
    %ix/load 4, 1, 0;
    %flag_set/imm 4, 0;
    %store/vec4a v0x56261bbf4750, 4, 0;
    %pushi/vec4 193, 0, 8;
    %ix/load 4, 2, 0;
    %flag_set/imm 4, 0;
    %store/vec4a v0x56261bbf4750, 4, 0;
    %pushi/vec4 38, 0, 8;
    %ix/load 4, 3, 0;
    %flag_set/imm 4, 0;
    %store/vec4a v0x56261bbf4750, 4, 0;
    %pushi/vec4 6, 0, 8;
    %ix/load 4, 4, 0;
    %flag_set/imm 4, 0;
    %store/vec4a v0x56261bbf4750, 4, 0;
    %pushi/vec4 0, 0, 8;
    %ix/load 4, 5, 0;
    %flag_set/imm 4, 0;
    %store/vec4a v0x56261bbf4750, 4, 0;
    %pushi/vec4 0, 0, 8;
    %ix/load 4, 6, 0;
    %flag_set/imm 4, 0;
    %store/vec4a v0x56261bbf4750, 4, 0;
    %pushi/vec4 0, 0, 8;
    %ix/load 4, 7, 0;
    %flag_set/imm 4, 0;
    %store/vec4a v0x56261bbf4750, 4, 0;
    %pushi/vec4 0, 0, 8;
    %ix/load 4, 8, 0;
    %flag_set/imm 4, 0;
    %store/vec4a v0x56261bbf4750, 4, 0;
    %pushi/vec4 0, 0, 8;
    %ix/load 4, 9, 0;
    %flag_set/imm 4, 0;
    %store/vec4a v0x56261bbf4750, 4, 0;
    %pushi/vec4 0, 0, 8;
    %ix/load 4, 10, 0;
    %flag_set/imm 4, 0;
    %store/vec4a v0x56261bbf4750, 4, 0;
    %pushi/vec4 32, 0, 8;
    %ix/load 4, 11, 0;
    %flag_set/imm 4, 0;
    %store/vec4a v0x56261bbf4750, 4, 0;
    %pushi/vec4 18, 0, 8;
    %ix/load 4, 12, 0;
    %flag_set/imm 4, 0;
    %store/vec4a v0x56261bbf4750, 4, 0;
    %pushi/vec4 48, 0, 8;
    %ix/load 4, 13, 0;
    %flag_set/imm 4, 0;
    %store/vec4a v0x56261bbf4750, 4, 0;
    %pushi/vec4 100, 0, 8;
    %ix/load 4, 14, 0;
    %flag_set/imm 4, 0;
    %store/vec4a v0x56261bbf4750, 4, 0;
    %pushi/vec4 32, 0, 8;
    %ix/load 4, 15, 0;
    %flag_set/imm 4, 0;
    %store/vec4a v0x56261bbf4750, 4, 0;
    %pushi/vec4 0, 0, 8;
    %ix/load 4, 16, 0;
    %flag_set/imm 4, 0;
    %store/vec4a v0x56261bbf4750, 4, 0;
    %pushi/vec4 0, 0, 8;
    %ix/load 4, 17, 0;
    %flag_set/imm 4, 0;
    %store/vec4a v0x56261bbf4750, 4, 0;
    %pushi/vec4 0, 0, 8;
    %ix/load 4, 18, 0;
    %flag_set/imm 4, 0;
    %store/vec4a v0x56261bbf4750, 4, 0;
    %pushi/vec4 0, 0, 8;
    %ix/load 4, 19, 0;
    %flag_set/imm 4, 0;
    %store/vec4a v0x56261bbf4750, 4, 0;
    %pushi/vec4 0, 0, 8;
    %ix/load 4, 20, 0;
    %flag_set/imm 4, 0;
    %store/vec4a v0x56261bbf4750, 4, 0;
    %pushi/vec4 0, 0, 8;
    %ix/load 4, 21, 0;
    %flag_set/imm 4, 0;
    %store/vec4a v0x56261bbf4750, 4, 0;
    %pushi/vec4 0, 0, 8;
    %ix/load 4, 22, 0;
    %flag_set/imm 4, 0;
    %store/vec4a v0x56261bbf4750, 4, 0;
    %pushi/vec4 128, 0, 8;
    %ix/load 4, 23, 0;
    %flag_set/imm 4, 0;
    %store/vec4a v0x56261bbf4750, 4, 0;
    %pushi/vec4 45, 0, 8;
    %ix/load 4, 24, 0;
    %flag_set/imm 4, 0;
    %store/vec4a v0x56261bbf4750, 4, 0;
    %pushi/vec4 0, 0, 8;
    %ix/load 4, 25, 0;
    %flag_set/imm 4, 0;
    %store/vec4a v0x56261bbf4750, 4, 0;
    %pushi/vec4 0, 0, 8;
    %ix/load 4, 26, 0;
    %flag_set/imm 4, 0;
    %store/vec4a v0x56261bbf4750, 4, 0;
    %pushi/vec4 0, 0, 8;
    %ix/load 4, 27, 0;
    %flag_set/imm 4, 0;
    %store/vec4a v0x56261bbf4750, 4, 0;
    %pushi/vec4 0, 0, 8;
    %ix/load 4, 28, 0;
    %flag_set/imm 4, 0;
    %store/vec4a v0x56261bbf4750, 4, 0;
    %pushi/vec4 0, 0, 8;
    %ix/load 4, 29, 0;
    %flag_set/imm 4, 0;
    %store/vec4a v0x56261bbf4750, 4, 0;
    %pushi/vec4 0, 0, 8;
    %ix/load 4, 30, 0;
    %flag_set/imm 4, 0;
    %store/vec4a v0x56261bbf4750, 4, 0;
    %pushi/vec4 0, 0, 8;
    %ix/load 4, 31, 0;
    %flag_set/imm 4, 0;
    %store/vec4a v0x56261bbf4750, 4, 0;
    %pushi/vec4 16, 0, 8;
    %ix/load 4, 32, 0;
    %flag_set/imm 4, 0;
    %store/vec4a v0x56261bbf4750, 4, 0;
    %pushi/vec4 0, 0, 8;
    %ix/load 4, 33, 0;
    %flag_set/imm 4, 0;
    %store/vec4a v0x56261bbf4750, 4, 0;
    %pushi/vec4 97, 0, 8;
    %ix/load 4, 34, 0;
    %flag_set/imm 4, 0;
    %store/vec4a v0x56261bbf4750, 4, 0;
    %pushi/vec4 2, 0, 8;
    %ix/load 4, 35, 0;
    %flag_set/imm 4, 0;
    %store/vec4a v0x56261bbf4750, 4, 0;
    %pushi/vec4 112, 0, 8;
    %ix/load 4, 36, 0;
    %flag_set/imm 4, 0;
    %store/vec4a v0x56261bbf4750, 4, 0;
    %pushi/vec4 33, 0, 8;
    %ix/load 4, 37, 0;
    %flag_set/imm 4, 0;
    %store/vec4a v0x56261bbf4750, 4, 0;
    %pushi/vec4 0, 0, 8;
    %ix/load 4, 38, 0;
    %flag_set/imm 4, 0;
    %store/vec4a v0x56261bbf4750, 4, 0;
    %pushi/vec4 0, 0, 8;
    %ix/load 4, 39, 0;
    %flag_set/imm 4, 0;
    %store/vec4a v0x56261bbf4750, 4, 0;
    %pushi/vec4 0, 0, 8;
    %ix/load 4, 40, 0;
    %flag_set/imm 4, 0;
    %store/vec4a v0x56261bbf4750, 4, 0;
    %pushi/vec4 0, 0, 8;
    %ix/load 4, 41, 0;
    %flag_set/imm 4, 0;
    %store/vec4a v0x56261bbf4750, 4, 0;
    %pushi/vec4 0, 0, 8;
    %ix/load 4, 42, 0;
    %flag_set/imm 4, 0;
    %store/vec4a v0x56261bbf4750, 4, 0;
    %pushi/vec4 0, 0, 8;
    %ix/load 4, 43, 0;
    %flag_set/imm 4, 0;
    %store/vec4a v0x56261bbf4750, 4, 0;
    %pushi/vec4 0, 0, 8;
    %ix/load 4, 44, 0;
    %flag_set/imm 4, 0;
    %store/vec4a v0x56261bbf4750, 4, 0;
    %pushi/vec4 48, 0, 8;
    %ix/load 4, 45, 0;
    %flag_set/imm 4, 0;
    %store/vec4a v0x56261bbf4750, 4, 0;
    %pushi/vec4 39, 0, 8;
    %ix/load 4, 46, 0;
    %flag_set/imm 4, 0;
    %store/vec4a v0x56261bbf4750, 4, 0;
    %pushi/vec4 45, 0, 8;
    %ix/load 4, 47, 0;
    %flag_set/imm 4, 0;
    %store/vec4a v0x56261bbf4750, 4, 0;
    %pushi/vec4 88, 0, 8;
    %ix/load 4, 48, 0;
    %flag_set/imm 4, 0;
    %store/vec4a v0x56261bbf4750, 4, 0;
    %pushi/vec4 0, 0, 8;
    %ix/load 4, 49, 0;
    %flag_set/imm 4, 0;
    %store/vec4a v0x56261bbf4750, 4, 0;
    %pushi/vec4 0, 0, 8;
    %ix/load 4, 50, 0;
    %flag_set/imm 4, 0;
    %store/vec4a v0x56261bbf4750, 4, 0;
    %pushi/vec4 0, 0, 8;
    %ix/load 4, 51, 0;
    %flag_set/imm 4, 0;
    %store/vec4a v0x56261bbf4750, 4, 0;
    %pushi/vec4 0, 0, 8;
    %ix/load 4, 52, 0;
    %flag_set/imm 4, 0;
    %store/vec4a v0x56261bbf4750, 4, 0;
    %pushi/vec4 0, 0, 8;
    %ix/load 4, 53, 0;
    %flag_set/imm 4, 0;
    %store/vec4a v0x56261bbf4750, 4, 0;
    %pushi/vec4 0, 0, 8;
    %ix/load 4, 54, 0;
    %flag_set/imm 4, 0;
    %store/vec4a v0x56261bbf4750, 4, 0;
    %pushi/vec4 64, 0, 8;
    %ix/load 4, 55, 0;
    %flag_set/imm 4, 0;
    %store/vec4a v0x56261bbf4750, 4, 0;
    %pushi/vec4 113, 0, 8;
    %ix/load 4, 56, 0;
    %flag_set/imm 4, 0;
    %store/vec4a v0x56261bbf4750, 4, 0;
    %pushi/vec4 44, 0, 8;
    %ix/load 4, 57, 0;
    %flag_set/imm 4, 0;
    %store/vec4a v0x56261bbf4750, 4, 0;
    %pushi/vec4 0, 0, 8;
    %ix/load 4, 58, 0;
    %flag_set/imm 4, 0;
    %store/vec4a v0x56261bbf4750, 4, 0;
    %pushi/vec4 0, 0, 8;
    %ix/load 4, 59, 0;
    %flag_set/imm 4, 0;
    %store/vec4a v0x56261bbf4750, 4, 0;
    %pushi/vec4 0, 0, 8;
    %ix/load 4, 60, 0;
    %flag_set/imm 4, 0;
    %store/vec4a v0x56261bbf4750, 4, 0;
    %pushi/vec4 0, 0, 8;
    %ix/load 4, 61, 0;
    %flag_set/imm 4, 0;
    %store/vec4a v0x56261bbf4750, 4, 0;
    %pushi/vec4 0, 0, 8;
    %ix/load 4, 62, 0;
    %flag_set/imm 4, 0;
    %store/vec4a v0x56261bbf4750, 4, 0;
    %pushi/vec4 0, 0, 8;
    %ix/load 4, 63, 0;
    %flag_set/imm 4, 0;
    %store/vec4a v0x56261bbf4750, 4, 0;
    %pushi/vec4 0, 0, 8;
    %ix/load 4, 64, 0;
    %flag_set/imm 4, 0;
    %store/vec4a v0x56261bbf4750, 4, 0;
    %pushi/vec4 80, 0, 8;
    %ix/load 4, 65, 0;
    %flag_set/imm 4, 0;
    %store/vec4a v0x56261bbf4750, 4, 0;
    %pushi/vec4 24, 0, 8;
    %ix/load 4, 66, 0;
    %flag_set/imm 4, 0;
    %store/vec4a v0x56261bbf4750, 4, 0;
    %pushi/vec4 44, 0, 8;
    %ix/load 4, 67, 0;
    %flag_set/imm 4, 0;
    %store/vec4a v0x56261bbf4750, 4, 0;
    %pushi/vec4 0, 0, 8;
    %ix/load 4, 68, 0;
    %flag_set/imm 4, 0;
    %store/vec4a v0x56261bbf4750, 4, 0;
    %pushi/vec4 0, 0, 8;
    %ix/load 4, 69, 0;
    %flag_set/imm 4, 0;
    %store/vec4a v0x56261bbf4750, 4, 0;
    %pushi/vec4 0, 0, 8;
    %ix/load 4, 70, 0;
    %flag_set/imm 4, 0;
    %store/vec4a v0x56261bbf4750, 4, 0;
    %pushi/vec4 0, 0, 8;
    %ix/load 4, 71, 0;
    %flag_set/imm 4, 0;
    %store/vec4a v0x56261bbf4750, 4, 0;
    %pushi/vec4 0, 0, 8;
    %ix/load 4, 72, 0;
    %flag_set/imm 4, 0;
    %store/vec4a v0x56261bbf4750, 4, 0;
    %pushi/vec4 0, 0, 8;
    %ix/load 4, 73, 0;
    %flag_set/imm 4, 0;
    %store/vec4a v0x56261bbf4750, 4, 0;
    %pushi/vec4 0, 0, 8;
    %ix/load 4, 74, 0;
    %flag_set/imm 4, 0;
    %store/vec4a v0x56261bbf4750, 4, 0;
    %pushi/vec4 144, 0, 8;
    %ix/load 4, 75, 0;
    %flag_set/imm 4, 0;
    %store/vec4a v0x56261bbf4750, 4, 0;
    %pushi/vec4 0, 0, 8;
    %ix/load 4, 76, 0;
    %flag_set/imm 4, 0;
    %store/vec4a v0x56261bbf4750, 4, 0;
    %end;
    .thread T_6;
    .scope S_0x56261bbf3e80;
T_7 ;
    %wait E_0x56261bb45900;
    %ix/getv 4, v0x56261bbf4170_0;
    %load/vec4a v0x56261bbf4750, 4;
    %load/vec4 v0x56261bbf4170_0;
    %pad/u 65;
    %addi 1, 0, 65;
    %ix/vec4 4;
    %load/vec4a v0x56261bbf4750, 4;
    %concat/vec4; draw_concat_vec4
    %load/vec4 v0x56261bbf4170_0;
    %pad/u 65;
    %addi 2, 0, 65;
    %ix/vec4 4;
    %load/vec4a v0x56261bbf4750, 4;
    %concat/vec4; draw_concat_vec4
    %load/vec4 v0x56261bbf4170_0;
    %pad/u 65;
    %addi 3, 0, 65;
    %ix/vec4 4;
    %load/vec4a v0x56261bbf4750, 4;
    %concat/vec4; draw_concat_vec4
    %load/vec4 v0x56261bbf4170_0;
    %pad/u 65;
    %addi 4, 0, 65;
    %ix/vec4 4;
    %load/vec4a v0x56261bbf4750, 4;
    %concat/vec4; draw_concat_vec4
    %load/vec4 v0x56261bbf4170_0;
    %pad/u 65;
    %addi 5, 0, 65;
    %ix/vec4 4;
    %load/vec4a v0x56261bbf4750, 4;
    %concat/vec4; draw_concat_vec4
    %load/vec4 v0x56261bbf4170_0;
    %pad/u 65;
    %addi 6, 0, 65;
    %ix/vec4 4;
    %load/vec4a v0x56261bbf4750, 4;
    %concat/vec4; draw_concat_vec4
    %load/vec4 v0x56261bbf4170_0;
    %pad/u 65;
    %addi 7, 0, 65;
    %ix/vec4 4;
    %load/vec4a v0x56261bbf4750, 4;
    %concat/vec4; draw_concat_vec4
    %load/vec4 v0x56261bbf4170_0;
    %pad/u 65;
    %addi 8, 0, 65;
    %ix/vec4 4;
    %load/vec4a v0x56261bbf4750, 4;
    %concat/vec4; draw_concat_vec4
    %load/vec4 v0x56261bbf4170_0;
    %pad/u 65;
    %addi 9, 0, 65;
    %ix/vec4 4;
    %load/vec4a v0x56261bbf4750, 4;
    %concat/vec4; draw_concat_vec4
    %store/vec4 v0x56261bbf4960_0, 0, 80;
    %load/vec4 v0x56261bbf4170_0;
    %pad/u 65;
    %addi 9, 0, 65;
    %ix/vec4 4;
    %load/vec4a v0x56261bbf4750, 4;
    %load/vec4 v0x56261bbf4170_0;
    %pad/u 65;
    %addi 8, 0, 65;
    %ix/vec4 4;
    %load/vec4a v0x56261bbf4750, 4;
    %concat/vec4; draw_concat_vec4
    %load/vec4 v0x56261bbf4170_0;
    %pad/u 65;
    %addi 7, 0, 65;
    %ix/vec4 4;
    %load/vec4a v0x56261bbf4750, 4;
    %concat/vec4; draw_concat_vec4
    %load/vec4 v0x56261bbf4170_0;
    %pad/u 65;
    %addi 6, 0, 65;
    %ix/vec4 4;
    %load/vec4a v0x56261bbf4750, 4;
    %concat/vec4; draw_concat_vec4
    %load/vec4 v0x56261bbf4170_0;
    %pad/u 65;
    %addi 5, 0, 65;
    %ix/vec4 4;
    %load/vec4a v0x56261bbf4750, 4;
    %concat/vec4; draw_concat_vec4
    %load/vec4 v0x56261bbf4170_0;
    %pad/u 65;
    %addi 4, 0, 65;
    %ix/vec4 4;
    %load/vec4a v0x56261bbf4750, 4;
    %concat/vec4; draw_concat_vec4
    %load/vec4 v0x56261bbf4170_0;
    %pad/u 65;
    %addi 3, 0, 65;
    %ix/vec4 4;
    %load/vec4a v0x56261bbf4750, 4;
    %concat/vec4; draw_concat_vec4
    %load/vec4 v0x56261bbf4170_0;
    %pad/u 65;
    %addi 2, 0, 65;
    %ix/vec4 4;
    %load/vec4a v0x56261bbf4750, 4;
    %concat/vec4; draw_concat_vec4
    %load/vec4 v0x56261bbf4170_0;
    %pad/u 65;
    %addi 1, 0, 65;
    %ix/vec4 4;
    %load/vec4a v0x56261bbf4750, 4;
    %concat/vec4; draw_concat_vec4
    %ix/getv 4, v0x56261bbf4170_0;
    %load/vec4a v0x56261bbf4750, 4;
    %concat/vec4; draw_concat_vec4
    %store/vec4 v0x56261bbf4c00_0, 0, 80;
    %load/vec4 v0x56261bbf4960_0;
    %parti/s 4, 76, 8;
    %store/vec4 v0x56261bbf4520_0, 0, 4;
    %load/vec4 v0x56261bbf4960_0;
    %parti/s 4, 72, 8;
    %store/vec4 v0x56261bbf45e0_0, 0, 4;
    %load/vec4 v0x56261bbf4520_0;
    %cmpi/u 11, 0, 4;
    %flag_or 5, 4; GT is !LE
    %flag_inv 5;
    %jmp/0xz  T_7.0, 5;
    %pushi/vec4 0, 0, 1;
    %store/vec4 v0x56261bbf4810_0, 0, 1;
    %jmp T_7.1;
T_7.0 ;
    %pushi/vec4 1, 0, 1;
    %store/vec4 v0x56261bbf4810_0, 0, 1;
T_7.1 ;
    %load/vec4 v0x56261bbf4520_0;
    %dup/vec4;
    %pushi/vec4 0, 0, 4;
    %cmp/u;
    %jmp/1 T_7.2, 6;
    %dup/vec4;
    %pushi/vec4 1, 0, 4;
    %cmp/u;
    %jmp/1 T_7.3, 6;
    %dup/vec4;
    %pushi/vec4 9, 0, 4;
    %cmp/u;
    %jmp/1 T_7.4, 6;
    %dup/vec4;
    %pushi/vec4 2, 0, 4;
    %cmp/u;
    %jmp/1 T_7.5, 6;
    %dup/vec4;
    %pushi/vec4 6, 0, 4;
    %cmp/u;
    %jmp/1 T_7.6, 6;
    %dup/vec4;
    %pushi/vec4 10, 0, 4;
    %cmp/u;
    %jmp/1 T_7.7, 6;
    %dup/vec4;
    %pushi/vec4 11, 0, 4;
    %cmp/u;
    %jmp/1 T_7.8, 6;
    %dup/vec4;
    %pushi/vec4 3, 0, 4;
    %cmp/u;
    %jmp/1 T_7.9, 6;
    %dup/vec4;
    %pushi/vec4 4, 0, 4;
    %cmp/u;
    %jmp/1 T_7.10, 6;
    %dup/vec4;
    %pushi/vec4 5, 0, 4;
    %cmp/u;
    %jmp/1 T_7.11, 6;
    %dup/vec4;
    %pushi/vec4 7, 0, 4;
    %cmp/u;
    %jmp/1 T_7.12, 6;
    %dup/vec4;
    %pushi/vec4 8, 0, 4;
    %cmp/u;
    %jmp/1 T_7.13, 6;
    %jmp T_7.14;
T_7.2 ;
    %pushi/vec4 1, 0, 1;
    %store/vec4 v0x56261bbf4460_0, 0, 1;
    %load/vec4 v0x56261bbf4170_0;
    %store/vec4 v0x56261bbf4e90_0, 0, 64;
    %jmp T_7.14;
T_7.3 ;
    %load/vec4 v0x56261bbf4170_0;
    %addi 1, 0, 64;
    %store/vec4 v0x56261bbf4e90_0, 0, 64;
    %jmp T_7.14;
T_7.4 ;
    %load/vec4 v0x56261bbf4170_0;
    %addi 1, 0, 64;
    %store/vec4 v0x56261bbf4e90_0, 0, 64;
    %jmp T_7.14;
T_7.5 ;
    %load/vec4 v0x56261bbf4960_0;
    %parti/s 4, 68, 8;
    %store/vec4 v0x56261bbf4a40_0, 0, 4;
    %load/vec4 v0x56261bbf4960_0;
    %parti/s 4, 64, 8;
    %store/vec4 v0x56261bbf4b30_0, 0, 4;
    %load/vec4 v0x56261bbf4170_0;
    %addi 2, 0, 64;
    %store/vec4 v0x56261bbf4e90_0, 0, 64;
    %jmp T_7.14;
T_7.6 ;
    %load/vec4 v0x56261bbf4960_0;
    %parti/s 4, 68, 8;
    %store/vec4 v0x56261bbf4a40_0, 0, 4;
    %load/vec4 v0x56261bbf4960_0;
    %parti/s 4, 64, 8;
    %store/vec4 v0x56261bbf4b30_0, 0, 4;
    %load/vec4 v0x56261bbf4170_0;
    %addi 2, 0, 64;
    %store/vec4 v0x56261bbf4e90_0, 0, 64;
    %jmp T_7.14;
T_7.7 ;
    %load/vec4 v0x56261bbf4960_0;
    %parti/s 4, 68, 8;
    %store/vec4 v0x56261bbf4a40_0, 0, 4;
    %load/vec4 v0x56261bbf4960_0;
    %parti/s 4, 64, 8;
    %store/vec4 v0x56261bbf4b30_0, 0, 4;
    %load/vec4 v0x56261bbf4170_0;
    %addi 2, 0, 64;
    %store/vec4 v0x56261bbf4e90_0, 0, 64;
    %jmp T_7.14;
T_7.8 ;
    %load/vec4 v0x56261bbf4960_0;
    %parti/s 4, 68, 8;
    %store/vec4 v0x56261bbf4a40_0, 0, 4;
    %load/vec4 v0x56261bbf4960_0;
    %parti/s 4, 64, 8;
    %store/vec4 v0x56261bbf4b30_0, 0, 4;
    %load/vec4 v0x56261bbf4170_0;
    %addi 2, 0, 64;
    %store/vec4 v0x56261bbf4e90_0, 0, 64;
    %jmp T_7.14;
T_7.9 ;
    %load/vec4 v0x56261bbf4960_0;
    %parti/s 4, 68, 8;
    %store/vec4 v0x56261bbf4a40_0, 0, 4;
    %load/vec4 v0x56261bbf4960_0;
    %parti/s 4, 64, 8;
    %store/vec4 v0x56261bbf4b30_0, 0, 4;
    %load/vec4 v0x56261bbf4c00_0;
    %parti/s 64, 16, 6;
    %store/vec4 v0x56261bbf4da0_0, 0, 64;
    %load/vec4 v0x56261bbf4170_0;
    %addi 10, 0, 64;
    %store/vec4 v0x56261bbf4e90_0, 0, 64;
    %jmp T_7.14;
T_7.10 ;
    %load/vec4 v0x56261bbf4960_0;
    %parti/s 4, 68, 8;
    %store/vec4 v0x56261bbf4a40_0, 0, 4;
    %load/vec4 v0x56261bbf4960_0;
    %parti/s 4, 64, 8;
    %store/vec4 v0x56261bbf4b30_0, 0, 4;
    %load/vec4 v0x56261bbf4c00_0;
    %parti/s 64, 16, 6;
    %store/vec4 v0x56261bbf4da0_0, 0, 64;
    %load/vec4 v0x56261bbf4170_0;
    %addi 10, 0, 64;
    %store/vec4 v0x56261bbf4e90_0, 0, 64;
    %jmp T_7.14;
T_7.11 ;
    %load/vec4 v0x56261bbf4960_0;
    %parti/s 4, 68, 8;
    %store/vec4 v0x56261bbf4a40_0, 0, 4;
    %load/vec4 v0x56261bbf4960_0;
    %parti/s 4, 64, 8;
    %store/vec4 v0x56261bbf4b30_0, 0, 4;
    %load/vec4 v0x56261bbf4c00_0;
    %parti/s 64, 16, 6;
    %store/vec4 v0x56261bbf4da0_0, 0, 64;
    %load/vec4 v0x56261bbf4170_0;
    %addi 10, 0, 64;
    %store/vec4 v0x56261bbf4e90_0, 0, 64;
    %jmp T_7.14;
T_7.12 ;
    %load/vec4 v0x56261bbf4c00_0;
    %parti/s 64, 8, 5;
    %store/vec4 v0x56261bbf4da0_0, 0, 64;
    %load/vec4 v0x56261bbf4170_0;
    %addi 9, 0, 64;
    %store/vec4 v0x56261bbf4e90_0, 0, 64;
    %jmp T_7.14;
T_7.13 ;
    %load/vec4 v0x56261bbf4c00_0;
    %parti/s 64, 8, 5;
    %store/vec4 v0x56261bbf4da0_0, 0, 64;
    %load/vec4 v0x56261bbf4170_0;
    %addi 9, 0, 64;
    %store/vec4 v0x56261bbf4e90_0, 0, 64;
    %jmp T_7.14;
T_7.14 ;
    %pop/vec4 1;
    %jmp T_7;
    .thread T_7;
    .scope S_0x56261bb0e540;
T_8 ;
    %wait E_0x56261bb45570;
    %load/vec4 v0x56261bba9370_0;
    %ix/load 3, 0, 0;
    %flag_set/imm 4, 0;
    %ix/load 4, 0, 0; Constant delay
    %assign/vec4/a/d v0x56261bbc1be0, 0, 4;
    %load/vec4 v0x56261bad6350_0;
    %ix/load 3, 1, 0;
    %flag_set/imm 4, 0;
    %ix/load 4, 0, 0; Constant delay
    %assign/vec4/a/d v0x56261bbc1be0, 0, 4;
    %load/vec4 v0x56261bbefb30_0;
    %ix/load 3, 2, 0;
    %flag_set/imm 4, 0;
    %ix/load 4, 0, 0; Constant delay
    %assign/vec4/a/d v0x56261bbc1be0, 0, 4;
    %load/vec4 v0x56261bbefc10_0;
    %ix/load 3, 3, 0;
    %flag_set/imm 4, 0;
    %ix/load 4, 0, 0; Constant delay
    %assign/vec4/a/d v0x56261bbc1be0, 0, 4;
    %load/vec4 v0x56261bbefcf0_0;
    %ix/load 3, 4, 0;
    %flag_set/imm 4, 0;
    %ix/load 4, 0, 0; Constant delay
    %assign/vec4/a/d v0x56261bbc1be0, 0, 4;
    %load/vec4 v0x56261bbefdd0_0;
    %ix/load 3, 5, 0;
    %flag_set/imm 4, 0;
    %ix/load 4, 0, 0; Constant delay
    %assign/vec4/a/d v0x56261bbc1be0, 0, 4;
    %load/vec4 v0x56261bbefeb0_0;
    %ix/load 3, 6, 0;
    %flag_set/imm 4, 0;
    %ix/load 4, 0, 0; Constant delay
    %assign/vec4/a/d v0x56261bbc1be0, 0, 4;
    %load/vec4 v0x56261bbeff90_0;
    %ix/load 3, 7, 0;
    %flag_set/imm 4, 0;
    %ix/load 4, 0, 0; Constant delay
    %assign/vec4/a/d v0x56261bbc1be0, 0, 4;
    %load/vec4 v0x56261bbf0070_0;
    %ix/load 3, 8, 0;
    %flag_set/imm 4, 0;
    %ix/load 4, 0, 0; Constant delay
    %assign/vec4/a/d v0x56261bbc1be0, 0, 4;
    %load/vec4 v0x56261bbf0150_0;
    %ix/load 3, 9, 0;
    %flag_set/imm 4, 0;
    %ix/load 4, 0, 0; Constant delay
    %assign/vec4/a/d v0x56261bbc1be0, 0, 4;
    %load/vec4 v0x56261bbef6d0_0;
    %ix/load 3, 10, 0;
    %flag_set/imm 4, 0;
    %ix/load 4, 0, 0; Constant delay
    %assign/vec4/a/d v0x56261bbc1be0, 0, 4;
    %load/vec4 v0x56261bbef7b0_0;
    %ix/load 3, 11, 0;
    %flag_set/imm 4, 0;
    %ix/load 4, 0, 0; Constant delay
    %assign/vec4/a/d v0x56261bbc1be0, 0, 4;
    %load/vec4 v0x56261bbef890_0;
    %ix/load 3, 12, 0;
    %flag_set/imm 4, 0;
    %ix/load 4, 0, 0; Constant delay
    %assign/vec4/a/d v0x56261bbc1be0, 0, 4;
    %load/vec4 v0x56261bbef970_0;
    %ix/load 3, 13, 0;
    %flag_set/imm 4, 0;
    %ix/load 4, 0, 0; Constant delay
    %assign/vec4/a/d v0x56261bbc1be0, 0, 4;
    %load/vec4 v0x56261bbefa50_0;
    %ix/load 3, 14, 0;
    %flag_set/imm 4, 0;
    %ix/load 4, 0, 0; Constant delay
    %assign/vec4/a/d v0x56261bbc1be0, 0, 4;
    %delay 5000, 0;
    %load/vec4 v0x56261bba8900_0;
    %dup/vec4;
    %pushi/vec4 2, 0, 4;
    %cmp/u;
    %jmp/1 T_8.0, 6;
    %dup/vec4;
    %pushi/vec4 4, 0, 4;
    %cmp/u;
    %jmp/1 T_8.1, 6;
    %dup/vec4;
    %pushi/vec4 6, 0, 4;
    %cmp/u;
    %jmp/1 T_8.2, 6;
    %dup/vec4;
    %pushi/vec4 5, 0, 4;
    %cmp/u;
    %jmp/1 T_8.3, 6;
    %dup/vec4;
    %pushi/vec4 8, 0, 4;
    %cmp/u;
    %jmp/1 T_8.4, 6;
    %dup/vec4;
    %pushi/vec4 9, 0, 4;
    %cmp/u;
    %jmp/1 T_8.5, 6;
    %dup/vec4;
    %pushi/vec4 11, 0, 4;
    %cmp/u;
    %jmp/1 T_8.6, 6;
    %dup/vec4;
    %pushi/vec4 10, 0, 4;
    %cmp/u;
    %jmp/1 T_8.7, 6;
    %jmp T_8.8;
T_8.0 ;
    %delay 2000, 0;
    %load/vec4 v0x56261bbd22d0_0;
    %pad/u 6;
    %ix/vec4 4;
    %load/vec4a v0x56261bbc1be0, 4;
    %store/vec4 v0x56261bbf0230_0, 0, 64;
    %jmp T_8.8;
T_8.1 ;
    %delay 2000, 0;
    %load/vec4 v0x56261bbd22d0_0;
    %pad/u 6;
    %ix/vec4 4;
    %load/vec4a v0x56261bbc1be0, 4;
    %store/vec4 v0x56261bbf0230_0, 0, 64;
    %delay 2000, 0;
    %load/vec4 v0x56261bad67b0_0;
    %pad/u 6;
    %ix/vec4 4;
    %load/vec4a v0x56261bbc1be0, 4;
    %store/vec4 v0x56261bbf0310_0, 0, 64;
    %jmp T_8.8;
T_8.2 ;
    %delay 2000, 0;
    %load/vec4 v0x56261bbd22d0_0;
    %pad/u 6;
    %ix/vec4 4;
    %load/vec4a v0x56261bbc1be0, 4;
    %store/vec4 v0x56261bbf0230_0, 0, 64;
    %delay 2000, 0;
    %load/vec4 v0x56261bad67b0_0;
    %pad/u 6;
    %ix/vec4 4;
    %load/vec4a v0x56261bbc1be0, 4;
    %store/vec4 v0x56261bbf0310_0, 0, 64;
    %jmp T_8.8;
T_8.3 ;
    %delay 2000, 0;
    %load/vec4 v0x56261bad67b0_0;
    %pad/u 6;
    %ix/vec4 4;
    %load/vec4a v0x56261bbc1be0, 4;
    %store/vec4 v0x56261bbf0310_0, 0, 64;
    %jmp T_8.8;
T_8.4 ;
    %delay 2000, 0;
    %ix/load 4, 4, 0;
    %flag_set/imm 4, 0;
    %load/vec4a v0x56261bbc1be0, 4;
    %store/vec4 v0x56261bbf0310_0, 0, 64;
    %jmp T_8.8;
T_8.5 ;
    %delay 2000, 0;
    %ix/load 4, 4, 0;
    %flag_set/imm 4, 0;
    %load/vec4a v0x56261bbc1be0, 4;
    %store/vec4 v0x56261bbf0230_0, 0, 64;
    %delay 2000, 0;
    %ix/load 4, 4, 0;
    %flag_set/imm 4, 0;
    %load/vec4a v0x56261bbc1be0, 4;
    %store/vec4 v0x56261bbf0310_0, 0, 64;
    %jmp T_8.8;
T_8.6 ;
    %delay 2000, 0;
    %ix/load 4, 4, 0;
    %flag_set/imm 4, 0;
    %load/vec4a v0x56261bbc1be0, 4;
    %store/vec4 v0x56261bbf0230_0, 0, 64;
    %delay 2000, 0;
    %ix/load 4, 4, 0;
    %flag_set/imm 4, 0;
    %load/vec4a v0x56261bbc1be0, 4;
    %store/vec4 v0x56261bbf0310_0, 0, 64;
    %jmp T_8.8;
T_8.7 ;
    %delay 2000, 0;
    %load/vec4 v0x56261bbd22d0_0;
    %pad/u 6;
    %ix/vec4 4;
    %load/vec4a v0x56261bbc1be0, 4;
    %store/vec4 v0x56261bbf0230_0, 0, 64;
    %delay 2000, 0;
    %ix/load 4, 4, 0;
    %flag_set/imm 4, 0;
    %load/vec4a v0x56261bbc1be0, 4;
    %store/vec4 v0x56261bbf0310_0, 0, 64;
    %jmp T_8.8;
T_8.8 ;
    %pop/vec4 1;
    %jmp T_8;
    .thread T_8, $push;
    .scope S_0x56261bbf2f60;
T_9 ;
    %wait E_0x56261baf8a90;
    %pushi/vec4 0, 0, 1;
    %store/vec4 v0x56261bbf34f0_0, 0, 1;
    %load/vec4 v0x56261bbf3620_0;
    %dup/vec4;
    %pushi/vec4 2, 0, 4;
    %cmp/u;
    %jmp/1 T_9.0, 6;
    %dup/vec4;
    %pushi/vec4 3, 0, 4;
    %cmp/u;
    %jmp/1 T_9.1, 6;
    %dup/vec4;
    %pushi/vec4 4, 0, 4;
    %cmp/u;
    %jmp/1 T_9.2, 6;
    %dup/vec4;
    %pushi/vec4 5, 0, 4;
    %cmp/u;
    %jmp/1 T_9.3, 6;
    %dup/vec4;
    %pushi/vec4 6, 0, 4;
    %cmp/u;
    %jmp/1 T_9.4, 6;
    %dup/vec4;
    %pushi/vec4 7, 0, 4;
    %cmp/u;
    %jmp/1 T_9.5, 6;
    %dup/vec4;
    %pushi/vec4 8, 0, 4;
    %cmp/u;
    %jmp/1 T_9.6, 6;
    %dup/vec4;
    %pushi/vec4 10, 0, 4;
    %cmp/u;
    %jmp/1 T_9.7, 6;
    %dup/vec4;
    %pushi/vec4 9, 0, 4;
    %cmp/u;
    %jmp/1 T_9.8, 6;
    %dup/vec4;
    %pushi/vec4 11, 0, 4;
    %cmp/u;
    %jmp/1 T_9.9, 6;
    %jmp T_9.10;
T_9.0 ;
    %delay 2000, 0;
    %load/vec4 v0x56261bbf3910_0;
    %store/vec4 v0x56261bbf3ba0_0, 0, 64;
    %load/vec4 v0x56261bbf36e0_0;
    %dup/vec4;
    %pushi/vec4 0, 0, 4;
    %cmp/u;
    %jmp/1 T_9.11, 6;
    %dup/vec4;
    %pushi/vec4 1, 0, 4;
    %cmp/u;
    %jmp/1 T_9.12, 6;
    %dup/vec4;
    %pushi/vec4 2, 0, 4;
    %cmp/u;
    %jmp/1 T_9.13, 6;
    %dup/vec4;
    %pushi/vec4 3, 0, 4;
    %cmp/u;
    %jmp/1 T_9.14, 6;
    %dup/vec4;
    %pushi/vec4 4, 0, 4;
    %cmp/u;
    %jmp/1 T_9.15, 6;
    %dup/vec4;
    %pushi/vec4 5, 0, 4;
    %cmp/u;
    %jmp/1 T_9.16, 6;
    %dup/vec4;
    %pushi/vec4 6, 0, 4;
    %cmp/u;
    %jmp/1 T_9.17, 6;
    %jmp T_9.18;
T_9.11 ;
    %delay 1000, 0;
    %pushi/vec4 1, 0, 1;
    %store/vec4 v0x56261bbf34f0_0, 0, 1;
    %jmp T_9.18;
T_9.12 ;
    %load/vec4 v0x56261bbf3850_0;
    %pad/u 32;
    %cmpi/e 1, 0, 32;
    %flag_mov 8, 4;
    %load/vec4 v0x56261bbf3c60_0;
    %pad/u 32;
    %cmpi/e 1, 0, 32;
    %flag_or 4, 8;
    %jmp/0xz  T_9.19, 4;
    %delay 1000, 0;
    %pushi/vec4 1, 0, 1;
    %store/vec4 v0x56261bbf34f0_0, 0, 1;
T_9.19 ;
    %jmp T_9.18;
T_9.13 ;
    %load/vec4 v0x56261bbf3850_0;
    %pad/u 32;
    %cmpi/e 1, 0, 32;
    %jmp/0xz  T_9.21, 4;
    %delay 1000, 0;
    %pushi/vec4 1, 0, 1;
    %store/vec4 v0x56261bbf34f0_0, 0, 1;
T_9.21 ;
    %jmp T_9.18;
T_9.14 ;
    %load/vec4 v0x56261bbf3c60_0;
    %pad/u 32;
    %cmpi/e 1, 0, 32;
    %jmp/0xz  T_9.23, 4;
    %delay 1000, 0;
    %pushi/vec4 1, 0, 1;
    %store/vec4 v0x56261bbf34f0_0, 0, 1;
T_9.23 ;
    %jmp T_9.18;
T_9.15 ;
    %load/vec4 v0x56261bbf3c60_0;
    %pad/u 32;
    %cmpi/e 0, 0, 32;
    %jmp/0xz  T_9.25, 4;
    %delay 1000, 0;
    %pushi/vec4 1, 0, 1;
    %store/vec4 v0x56261bbf34f0_0, 0, 1;
T_9.25 ;
    %jmp T_9.18;
T_9.16 ;
    %load/vec4 v0x56261bbf3850_0;
    %pad/u 32;
    %cmpi/e 0, 0, 32;
    %flag_mov 8, 4;
    %load/vec4 v0x56261bbf3c60_0;
    %pad/u 32;
    %cmpi/e 1, 0, 32;
    %flag_or 4, 8;
    %jmp/0xz  T_9.27, 4;
    %delay 1000, 0;
    %pushi/vec4 1, 0, 1;
    %store/vec4 v0x56261bbf34f0_0, 0, 1;
T_9.27 ;
    %jmp T_9.18;
T_9.17 ;
    %load/vec4 v0x56261bbf3850_0;
    %pad/u 32;
    %cmpi/e 0, 0, 32;
    %jmp/0xz  T_9.29, 4;
    %delay 1000, 0;
    %pushi/vec4 1, 0, 1;
    %store/vec4 v0x56261bbf34f0_0, 0, 1;
T_9.29 ;
    %jmp T_9.18;
T_9.18 ;
    %pop/vec4 1;
    %jmp T_9.10;
T_9.1 ;
    %delay 2000, 0;
    %load/vec4 v0x56261bbf3ad0_0;
    %store/vec4 v0x56261bbf3ba0_0, 0, 64;
    %jmp T_9.10;
T_9.2 ;
    %delay 2000, 0;
    %load/vec4 v0x56261bbf3a00_0;
    %load/vec4 v0x56261bbf3ad0_0;
    %add;
    %store/vec4 v0x56261bbf3ba0_0, 0, 64;
    %jmp T_9.10;
T_9.3 ;
    %delay 2000, 0;
    %load/vec4 v0x56261bbf3a00_0;
    %load/vec4 v0x56261bbf3ad0_0;
    %add;
    %store/vec4 v0x56261bbf3ba0_0, 0, 64;
    %jmp T_9.10;
T_9.4 ;
    %load/vec4 v0x56261bbf36e0_0;
    %dup/vec4;
    %pushi/vec4 0, 0, 4;
    %cmp/u;
    %jmp/1 T_9.31, 6;
    %dup/vec4;
    %pushi/vec4 1, 0, 4;
    %cmp/u;
    %jmp/1 T_9.32, 6;
    %dup/vec4;
    %pushi/vec4 2, 0, 4;
    %cmp/u;
    %jmp/1 T_9.33, 6;
    %dup/vec4;
    %pushi/vec4 3, 0, 4;
    %cmp/u;
    %jmp/1 T_9.34, 6;
    %jmp T_9.35;
T_9.31 ;
    %load/vec4 v0x56261bbf3910_0;
    %load/vec4 v0x56261bbf3a00_0;
    %add;
    %pad/u 1;
    %store/vec4 v0x56261bbf32c0_0, 0, 1;
    %jmp T_9.35;
T_9.32 ;
    %load/vec4 v0x56261bbf3910_0;
    %load/vec4 v0x56261bbf3a00_0;
    %sub;
    %pad/u 1;
    %store/vec4 v0x56261bbf32c0_0, 0, 1;
    %jmp T_9.35;
T_9.33 ;
    %load/vec4 v0x56261bbf3910_0;
    %load/vec4 v0x56261bbf3a00_0;
    %and;
    %pad/u 1;
    %store/vec4 v0x56261bbf32c0_0, 0, 1;
    %jmp T_9.35;
T_9.34 ;
    %load/vec4 v0x56261bbf3910_0;
    %load/vec4 v0x56261bbf3a00_0;
    %xor;
    %pad/u 1;
    %store/vec4 v0x56261bbf32c0_0, 0, 1;
    %jmp T_9.35;
T_9.35 ;
    %pop/vec4 1;
    %load/vec4 v0x56261bbf32c0_0;
    %pushi/vec4 0, 0, 1;
    %cmp/e;
    %flag_get/vec4 4;
    %store/vec4 v0x56261bbf3c60_0, 0, 1;
    %load/vec4 v0x56261bbf32c0_0;
    %cmpi/u 0, 0, 1;
    %flag_get/vec4 5;
    %store/vec4 v0x56261bbf3850_0, 0, 1;
    %load/vec4 v0x56261bbf3910_0;
    %cmpi/u 0, 0, 64;
    %flag_get/vec4 5;
    %store/vec4 v0x56261bbf19d0_0, 0, 1;
    %load/vec4 v0x56261bbf3a00_0;
    %cmpi/u 0, 0, 64;
    %flag_get/vec4 5;
    %store/vec4 v0x56261bbf3380_0, 0, 1;
    %load/vec4 v0x56261bbf19d0_0;
    %load/vec4 v0x56261bbf3380_0;
    %cmp/e;
    %flag_get/vec4 4;
    %load/vec4 v0x56261bbf3850_0;
    %load/vec4 v0x56261bbf19d0_0;
    %cmp/ne;
    %flag_get/vec4 4;
    %and;
    %store/vec4 v0x56261bbf37b0_0, 0, 1;
    %delay 2000, 0;
    %load/vec4 v0x56261bbf32c0_0;
    %pad/u 64;
    %store/vec4 v0x56261bbf3ba0_0, 0, 64;
    %jmp T_9.10;
T_9.5 ;
    %load/vec4 v0x56261bbf36e0_0;
    %dup/vec4;
    %pushi/vec4 0, 0, 4;
    %cmp/u;
    %jmp/1 T_9.36, 6;
    %dup/vec4;
    %pushi/vec4 1, 0, 4;
    %cmp/u;
    %jmp/1 T_9.37, 6;
    %dup/vec4;
    %pushi/vec4 2, 0, 4;
    %cmp/u;
    %jmp/1 T_9.38, 6;
    %dup/vec4;
    %pushi/vec4 3, 0, 4;
    %cmp/u;
    %jmp/1 T_9.39, 6;
    %dup/vec4;
    %pushi/vec4 4, 0, 4;
    %cmp/u;
    %jmp/1 T_9.40, 6;
    %dup/vec4;
    %pushi/vec4 5, 0, 4;
    %cmp/u;
    %jmp/1 T_9.41, 6;
    %dup/vec4;
    %pushi/vec4 6, 0, 4;
    %cmp/u;
    %jmp/1 T_9.42, 6;
    %jmp T_9.43;
T_9.36 ;
    %delay 1000, 0;
    %pushi/vec4 1, 0, 1;
    %store/vec4 v0x56261bbf34f0_0, 0, 1;
    %jmp T_9.43;
T_9.37 ;
    %load/vec4 v0x56261bbf3850_0;
    %pad/u 32;
    %cmpi/e 1, 0, 32;
    %flag_mov 8, 4;
    %load/vec4 v0x56261bbf3c60_0;
    %pad/u 32;
    %cmpi/e 1, 0, 32;
    %flag_or 4, 8;
    %jmp/0xz  T_9.44, 4;
    %delay 1000, 0;
    %pushi/vec4 1, 0, 1;
    %store/vec4 v0x56261bbf34f0_0, 0, 1;
T_9.44 ;
    %jmp T_9.43;
T_9.38 ;
    %load/vec4 v0x56261bbf3850_0;
    %pad/u 32;
    %cmpi/e 1, 0, 32;
    %jmp/0xz  T_9.46, 4;
    %delay 1000, 0;
    %pushi/vec4 1, 0, 1;
    %store/vec4 v0x56261bbf34f0_0, 0, 1;
T_9.46 ;
    %jmp T_9.43;
T_9.39 ;
    %load/vec4 v0x56261bbf3c60_0;
    %pad/u 32;
    %cmpi/e 1, 0, 32;
    %jmp/0xz  T_9.48, 4;
    %delay 1000, 0;
    %pushi/vec4 1, 0, 1;
    %store/vec4 v0x56261bbf34f0_0, 0, 1;
T_9.48 ;
    %jmp T_9.43;
T_9.40 ;
    %load/vec4 v0x56261bbf3c60_0;
    %pad/u 32;
    %cmpi/e 0, 0, 32;
    %jmp/0xz  T_9.50, 4;
    %delay 1000, 0;
    %pushi/vec4 1, 0, 1;
    %store/vec4 v0x56261bbf34f0_0, 0, 1;
T_9.50 ;
    %jmp T_9.43;
T_9.41 ;
    %load/vec4 v0x56261bbf3850_0;
    %pad/u 32;
    %cmpi/e 0, 0, 32;
    %flag_mov 8, 4;
    %load/vec4 v0x56261bbf3c60_0;
    %pad/u 32;
    %cmpi/e 1, 0, 32;
    %flag_or 4, 8;
    %jmp/0xz  T_9.52, 4;
    %delay 1000, 0;
    %pushi/vec4 1, 0, 1;
    %store/vec4 v0x56261bbf34f0_0, 0, 1;
T_9.52 ;
    %jmp T_9.43;
T_9.42 ;
    %load/vec4 v0x56261bbf3850_0;
    %pad/u 32;
    %cmpi/e 0, 0, 32;
    %jmp/0xz  T_9.54, 4;
    %delay 1000, 0;
    %pushi/vec4 1, 0, 1;
    %store/vec4 v0x56261bbf34f0_0, 0, 1;
T_9.54 ;
    %jmp T_9.43;
T_9.43 ;
    %pop/vec4 1;
    %jmp T_9.10;
T_9.6 ;
    %delay 2000, 0;
    %load/vec4 v0x56261bbf3a00_0;
    %subi 8, 0, 64;
    %store/vec4 v0x56261bbf3ba0_0, 0, 64;
    %jmp T_9.10;
T_9.7 ;
    %delay 2000, 0;
    %load/vec4 v0x56261bbf3a00_0;
    %subi 8, 0, 64;
    %store/vec4 v0x56261bbf3ba0_0, 0, 64;
    %jmp T_9.10;
T_9.8 ;
    %delay 2000, 0;
    %load/vec4 v0x56261bbf3a00_0;
    %addi 8, 0, 64;
    %store/vec4 v0x56261bbf3ba0_0, 0, 64;
    %jmp T_9.10;
T_9.9 ;
    %delay 2000, 0;
    %load/vec4 v0x56261bbf3a00_0;
    %addi 8, 0, 64;
    %store/vec4 v0x56261bbf3ba0_0, 0, 64;
    %jmp T_9.10;
T_9.10 ;
    %pop/vec4 1;
    %jmp T_9;
    .thread T_9, $push;
    .scope S_0x56261bbf57e0;
T_10 ;
    %pushi/vec4 0, 0, 64;
    %store/vec4 v0x56261bbf60e0_0, 0, 64;
    %pushi/vec4 0, 0, 1;
    %store/vec4 v0x56261bbf5ba0_0, 0, 1;
    %end;
    .thread T_10;
    .scope S_0x56261bbf57e0;
T_11 ;
    %wait E_0x56261bb45900;
    %delay 10000, 0;
    %pushi/vec4 0, 0, 1;
    %store/vec4 v0x56261bbf5ba0_0, 0, 1;
    %load/vec4 v0x56261bbf5c70_0;
    %dup/vec4;
    %pushi/vec4 4, 0, 4;
    %cmp/u;
    %jmp/1 T_11.0, 6;
    %dup/vec4;
    %pushi/vec4 10, 0, 4;
    %cmp/u;
    %jmp/1 T_11.1, 6;
    %dup/vec4;
    %pushi/vec4 5, 0, 4;
    %cmp/u;
    %jmp/1 T_11.2, 6;
    %dup/vec4;
    %pushi/vec4 8, 0, 4;
    %cmp/u;
    %jmp/1 T_11.3, 6;
    %dup/vec4;
    %pushi/vec4 11, 0, 4;
    %cmp/u;
    %jmp/1 T_11.4, 6;
    %jmp T_11.5;
T_11.0 ;
    %pushi/vec4 0, 0, 1;
    %store/vec4 v0x56261bbf5e40_0, 0, 1;
    %delay 2000, 0;
    %load/vec4 v0x56261bbf6000_0;
    %store/vec4 v0x56261bbf5a00_0, 0, 64;
    %load/vec4 v0x56261bbf5f20_0;
    %store/vec4 v0x56261bbf62a0_0, 0, 64;
    %jmp T_11.5;
T_11.1 ;
    %pushi/vec4 0, 0, 1;
    %store/vec4 v0x56261bbf5e40_0, 0, 1;
    %delay 2000, 0;
    %load/vec4 v0x56261bbf6000_0;
    %store/vec4 v0x56261bbf5a00_0, 0, 64;
    %load/vec4 v0x56261bbf5f20_0;
    %store/vec4 v0x56261bbf62a0_0, 0, 64;
    %jmp T_11.5;
T_11.2 ;
    %pushi/vec4 1, 0, 1;
    %store/vec4 v0x56261bbf5e40_0, 0, 1;
    %delay 2000, 0;
    %load/vec4 v0x56261bbf6000_0;
    %store/vec4 v0x56261bbf5a00_0, 0, 64;
    %jmp T_11.5;
T_11.3 ;
    %pushi/vec4 0, 0, 1;
    %store/vec4 v0x56261bbf5e40_0, 0, 1;
    %delay 2000, 0;
    %load/vec4 v0x56261bbf6000_0;
    %store/vec4 v0x56261bbf5a00_0, 0, 64;
    %load/vec4 v0x56261bbf61c0_0;
    %store/vec4 v0x56261bbf62a0_0, 0, 64;
    %jmp T_11.5;
T_11.4 ;
    %pushi/vec4 1, 0, 1;
    %store/vec4 v0x56261bbf5e40_0, 0, 1;
    %load/vec4 v0x56261bbf5f20_0;
    %store/vec4 v0x56261bbf5a00_0, 0, 64;
    %vpi_call 9 60 "$display", "test_m" {0 0 0};
    %jmp T_11.5;
T_11.5 ;
    %pop/vec4 1;
    %delay 100000, 0;
    %load/vec4 v0x56261bbf5c70_0;
    %cmpi/e 9, 0, 4;
    %jmp/0xz  T_11.6, 4;
    %pushi/vec4 1, 0, 1;
    %store/vec4 v0x56261bbf5e40_0, 0, 1;
    %load/vec4 v0x56261bbf5f20_0;
    %store/vec4 v0x56261bbf5a00_0, 0, 64;
T_11.6 ;
    %delay 100000, 0;
    %load/vec4 v0x56261bbf5a00_0;
    %cmpi/u 2047, 0, 64;
    %flag_or 5, 4; GT is !LE
    %flag_inv 5;
    %jmp/0xz  T_11.8, 5;
    %pushi/vec4 1, 0, 1;
    %store/vec4 v0x56261bbf5ba0_0, 0, 1;
    %vpi_call 9 94 "$display", "RAM wrong location" {0 0 0};
    %vpi_call 9 95 "$finish" {0 0 0};
T_11.8 ;
    %load/vec4 v0x56261bbf5e40_0;
    %pad/u 32;
    %cmpi/e 0, 0, 32;
    %jmp/0xz  T_11.10, 4;
    %delay 2000, 0;
    %load/vec4 v0x56261bbf62a0_0;
    %ix/getv 4, v0x56261bbf5a00_0;
    %store/vec4a v0x56261bbf5d30, 4, 0;
T_11.10 ;
    %load/vec4 v0x56261bbf5e40_0;
    %pad/u 32;
    %cmpi/e 1, 0, 32;
    %jmp/0xz  T_11.12, 4;
    %delay 2000, 0;
    %ix/getv 4, v0x56261bbf5a00_0;
    %load/vec4a v0x56261bbf5d30, 4;
    %store/vec4 v0x56261bbf60e0_0, 0, 64;
T_11.12 ;
    %jmp T_11;
    .thread T_11;
    .scope S_0x56261bbf8ac0;
T_12 ;
    %wait E_0x56261bb45900;
    %load/vec4 v0x56261bbf9080_0;
    %dup/vec4;
    %pushi/vec4 2, 0, 4;
    %cmp/u;
    %jmp/1 T_12.0, 6;
    %dup/vec4;
    %pushi/vec4 3, 0, 4;
    %cmp/u;
    %jmp/1 T_12.1, 6;
    %dup/vec4;
    %pushi/vec4 6, 0, 4;
    %cmp/u;
    %jmp/1 T_12.2, 6;
    %dup/vec4;
    %pushi/vec4 5, 0, 4;
    %cmp/u;
    %jmp/1 T_12.3, 6;
    %dup/vec4;
    %pushi/vec4 8, 0, 4;
    %cmp/u;
    %jmp/1 T_12.4, 6;
    %dup/vec4;
    %pushi/vec4 9, 0, 4;
    %cmp/u;
    %jmp/1 T_12.5, 6;
    %dup/vec4;
    %pushi/vec4 10, 0, 4;
    %cmp/u;
    %jmp/1 T_12.6, 6;
    %dup/vec4;
    %pushi/vec4 11, 0, 4;
    %cmp/u;
    %jmp/1 T_12.7, 6;
    %jmp T_12.8;
T_12.0 ;
    %load/vec4 v0x56261bbf8fc0_0;
    %cmpi/e 1, 0, 1;
    %jmp/0xz  T_12.9, 4;
    %load/vec4 v0x56261bbfa160_0;
    %load/vec4 v0x56261bbf9240_0;
    %pad/u 6;
    %ix/vec4 4;
    %store/vec4a v0x56261bbf9370, 4, 0;
T_12.9 ;
    %jmp T_12.8;
T_12.1 ;
    %load/vec4 v0x56261bbfa160_0;
    %load/vec4 v0x56261bbf9240_0;
    %pad/u 6;
    %ix/vec4 4;
    %store/vec4a v0x56261bbf9370, 4, 0;
    %jmp T_12.8;
T_12.2 ;
    %load/vec4 v0x56261bbfa160_0;
    %load/vec4 v0x56261bbf9240_0;
    %pad/u 6;
    %ix/vec4 4;
    %store/vec4a v0x56261bbf9370, 4, 0;
    %jmp T_12.8;
T_12.3 ;
    %load/vec4 v0x56261bbfa220_0;
    %load/vec4 v0x56261bbf9180_0;
    %pad/u 6;
    %ix/vec4 4;
    %store/vec4a v0x56261bbf9370, 4, 0;
    %jmp T_12.8;
T_12.4 ;
    %load/vec4 v0x56261bbfa160_0;
    %ix/load 4, 4, 0;
    %flag_set/imm 4, 0;
    %store/vec4a v0x56261bbf9370, 4, 0;
    %jmp T_12.8;
T_12.5 ;
    %load/vec4 v0x56261bbfa160_0;
    %ix/load 4, 4, 0;
    %flag_set/imm 4, 0;
    %store/vec4a v0x56261bbf9370, 4, 0;
    %jmp T_12.8;
T_12.6 ;
    %load/vec4 v0x56261bbfa160_0;
    %ix/load 4, 4, 0;
    %flag_set/imm 4, 0;
    %store/vec4a v0x56261bbf9370, 4, 0;
    %jmp T_12.8;
T_12.7 ;
    %load/vec4 v0x56261bbfa160_0;
    %ix/load 3, 4, 0;
    %flag_set/imm 4, 0;
    %ix/load 4, 0, 0; Constant delay
    %assign/vec4/a/d v0x56261bbf9370, 0, 4;
    %load/vec4 v0x56261bbfa220_0;
    %load/vec4 v0x56261bbf9180_0;
    %pad/u 6;
    %ix/vec4 3;
    %ix/load 4, 0, 0; Constant delay
    %assign/vec4/a/d v0x56261bbf9370, 0, 4;
    %jmp T_12.8;
T_12.8 ;
    %pop/vec4 1;
    %jmp T_12;
    .thread T_12;
    .scope S_0x56261bbf8ac0;
T_13 ;
    %wait E_0x56261bbf59c0;
    %ix/load 4, 0, 0;
    %flag_set/imm 4, 0;
    %load/vec4a v0x56261bbf9370, 4;
    %assign/vec4 v0x56261bbf9430_0, 0;
    %ix/load 4, 1, 0;
    %flag_set/imm 4, 0;
    %load/vec4a v0x56261bbf9370, 4;
    %assign/vec4 v0x56261bbf94f0_0, 0;
    %ix/load 4, 2, 0;
    %flag_set/imm 4, 0;
    %load/vec4a v0x56261bbf9370, 4;
    %assign/vec4 v0x56261bbf99d0_0, 0;
    %ix/load 4, 3, 0;
    %flag_set/imm 4, 0;
    %load/vec4a v0x56261bbf9370, 4;
    %assign/vec4 v0x56261bbf9aa0_0, 0;
    %ix/load 4, 4, 0;
    %flag_set/imm 4, 0;
    %load/vec4a v0x56261bbf9370, 4;
    %assign/vec4 v0x56261bbf9b70_0, 0;
    %ix/load 4, 5, 0;
    %flag_set/imm 4, 0;
    %load/vec4a v0x56261bbf9370, 4;
    %assign/vec4 v0x56261bbf9c40_0, 0;
    %ix/load 4, 6, 0;
    %flag_set/imm 4, 0;
    %load/vec4a v0x56261bbf9370, 4;
    %assign/vec4 v0x56261bbf9e20_0, 0;
    %ix/load 4, 7, 0;
    %flag_set/imm 4, 0;
    %load/vec4a v0x56261bbf9370, 4;
    %assign/vec4 v0x56261bbf9ef0_0, 0;
    %ix/load 4, 8, 0;
    %flag_set/imm 4, 0;
    %load/vec4a v0x56261bbf9370, 4;
    %assign/vec4 v0x56261bbf9fc0_0, 0;
    %ix/load 4, 9, 0;
    %flag_set/imm 4, 0;
    %load/vec4a v0x56261bbf9370, 4;
    %assign/vec4 v0x56261bbfa090_0, 0;
    %ix/load 4, 10, 0;
    %flag_set/imm 4, 0;
    %load/vec4a v0x56261bbf9370, 4;
    %assign/vec4 v0x56261bbf95c0_0, 0;
    %ix/load 4, 11, 0;
    %flag_set/imm 4, 0;
    %load/vec4a v0x56261bbf9370, 4;
    %assign/vec4 v0x56261bbf9690_0, 0;
    %ix/load 4, 12, 0;
    %flag_set/imm 4, 0;
    %load/vec4a v0x56261bbf9370, 4;
    %assign/vec4 v0x56261bbf9760_0, 0;
    %ix/load 4, 13, 0;
    %flag_set/imm 4, 0;
    %load/vec4a v0x56261bbf9370, 4;
    %assign/vec4 v0x56261bbf9830_0, 0;
    %ix/load 4, 14, 0;
    %flag_set/imm 4, 0;
    %load/vec4a v0x56261bbf9370, 4;
    %assign/vec4 v0x56261bbf9900_0, 0;
    %jmp T_13;
    .thread T_13;
    .scope S_0x56261bb0e3b0;
T_14 ;
    %delay 2000000, 0;
    %load/vec4 v0x56261bbfc300_0;
    %inv;
    %store/vec4 v0x56261bbfc300_0, 0, 1;
    %jmp T_14;
    .thread T_14;
    .scope S_0x56261bb0e3b0;
T_15 ;
    %vpi_call 2 306 "$dumpfile", "wrapper.vcd" {0 0 0};
    %pushi/vec4 0, 0, 1;
    %ix/load 4, 0, 0;
    %flag_set/imm 4, 0;
    %store/vec4a v0x56261bbfee20, 4, 0;
    %pushi/vec4 0, 0, 1;
    %ix/load 4, 1, 0;
    %flag_set/imm 4, 0;
    %store/vec4a v0x56261bbfee20, 4, 0;
    %pushi/vec4 0, 0, 1;
    %ix/load 4, 2, 0;
    %flag_set/imm 4, 0;
    %store/vec4a v0x56261bbfee20, 4, 0;
    %vpi_call 2 310 "$monitor", " f=%d d=%d e=%d m=%d wb=%d", v0x56261bbfcae0_0, v0x56261bbfc9a0_0, v0x56261bbfca40_0, v0x56261bbfcb80_0, v0x56261bbfcc20_0 {0 0 0};
    %pushi/vec4 0, 0, 1;
    %store/vec4 v0x56261bbfc300_0, 0, 1;
    %pushi/vec4 0, 0, 64;
    %store/vec4 v0x56261bbfc220_0, 0, 64;
    %end;
    .thread T_15;
    .scope S_0x56261bb0e3b0;
T_16 ;
    %wait E_0x56261bb473d0;
    %load/vec4 v0x56261bbff3b0_0;
    %store/vec4 v0x56261bbfc220_0, 0, 64;
    %jmp T_16;
    .thread T_16, $push;
    .scope S_0x56261bb0e3b0;
T_17 ;
    %wait E_0x56261bb47130;
    %load/vec4 v0x56261bbfc8d0_0;
    %pad/u 32;
    %cmpi/e 1, 0, 32;
    %jmp/0xz  T_17.0, 4;
    %pushi/vec4 0, 0, 1;
    %ix/load 4, 0, 0;
    %flag_set/imm 4, 0;
    %store/vec4a v0x56261bbfee20, 4, 0;
    %pushi/vec4 0, 0, 1;
    %ix/load 4, 1, 0;
    %flag_set/imm 4, 0;
    %store/vec4a v0x56261bbfee20, 4, 0;
    %pushi/vec4 1, 0, 1;
    %ix/load 4, 2, 0;
    %flag_set/imm 4, 0;
    %store/vec4a v0x56261bbfee20, 4, 0;
    %jmp T_17.1;
T_17.0 ;
    %load/vec4 v0x56261bbfd190_0;
    %pad/u 32;
    %cmpi/e 0, 0, 32;
    %jmp/0xz  T_17.2, 4;
    %pushi/vec4 0, 0, 1;
    %ix/load 4, 0, 0;
    %flag_set/imm 4, 0;
    %store/vec4a v0x56261bbfee20, 4, 0;
    %pushi/vec4 1, 0, 1;
    %ix/load 4, 1, 0;
    %flag_set/imm 4, 0;
    %store/vec4a v0x56261bbfee20, 4, 0;
    %pushi/vec4 0, 0, 1;
    %ix/load 4, 2, 0;
    %flag_set/imm 4, 0;
    %store/vec4a v0x56261bbfee20, 4, 0;
    %jmp T_17.3;
T_17.2 ;
    %pushi/vec4 1, 0, 1;
    %ix/load 4, 0, 0;
    %flag_set/imm 4, 0;
    %store/vec4a v0x56261bbfee20, 4, 0;
    %pushi/vec4 0, 0, 1;
    %ix/load 4, 1, 0;
    %flag_set/imm 4, 0;
    %store/vec4a v0x56261bbfee20, 4, 0;
    %pushi/vec4 0, 0, 1;
    %ix/load 4, 2, 0;
    %flag_set/imm 4, 0;
    %store/vec4a v0x56261bbfee20, 4, 0;
T_17.3 ;
T_17.1 ;
    %jmp T_17;
    .thread T_17, $push;
    .scope S_0x56261bb0e3b0;
T_18 ;
    %wait E_0x56261bb46e90;
    %ix/load 4, 2, 0;
    %flag_set/imm 4, 0;
    %load/vec4a v0x56261bbfee20, 4;
    %cmpi/e 1, 0, 1;
    %jmp/0xz  T_18.0, 4;
    %vpi_call 2 346 "$finish" {0 0 0};
T_18.0 ;
    %jmp T_18;
    .thread T_18, $push;
# The file index is used to find the file name in the following table.
:file_names 14;
    "N/A";
    "<interactive>";
    "proc_wrapper.v";
    "./decode.v";
    "./decode_reg.v";
    "./execute_reg.v";
    "./execute.v";
    "./fetch.v";
    "./fetch_reg.v";
    "./memory.v";
    "./memory_reg.v";
    "./pc_update.v";
    "./writeback.v";
    "./writeback_reg.v";
